[01m[K/ros2_ws/jazzy_ws/src/grr_cmake_controller/src/speed_limiter.cpp:[m[K In member function ‘[01m[Kdouble grr_cmake_controller::SpeedLimiter::[01;32m[Klimit_velocity[m[K(double&)[m[K’:
[01m[K/ros2_ws/jazzy_ws/src/grr_cmake_controller/src/speed_limiter.cpp:95:24:[m[K [01;35m[Kwarning: [m[K‘[01m[Kconstexpr const T& rcppmath::[01;32m[Kclamp[m[K(const T&, const T&, const T&) [35m[K[with T = double][m[K[m[K’ is deprecated: use std::clamp instead, introduced in C++17 [[01;35m[K-Wdeprecated-declarations[m[K]
   95 |     v = [01;35m[Krcppmath::clamp(v, min_velocity_, max_velocity_)[m[K;
      |         [01;35m[K~~~~~~~~~~~~~~~^~~~~~~~~~~~~~~~~~~~~~~~~~~~~~~~~[m[K
In file included from [01m[K/ros2_ws/jazzy_ws/src/grr_cmake_controller/src/speed_limiter.cpp:23[m[K:
[01m[K/opt/ros/jazzy/include/rcpputils/rcppmath/clamp.hpp:41:21:[m[K [01;36m[Knote: [m[Kdeclared here
   41 | constexpr const T & [01;36m[Kclamp[m[K(const T & v, const T & lo, const T & hi)
      |                     [01;36m[K^~~~~[m[K
[01m[K/ros2_ws/jazzy_ws/src/grr_cmake_controller/src/speed_limiter.cpp:[m[K In member function ‘[01m[Kdouble grr_cmake_controller::SpeedLimiter::[01;32m[Klimit_acceleration[m[K(double&, double, double)[m[K’:
[01m[K/ros2_ws/jazzy_ws/src/grr_cmake_controller/src/speed_limiter.cpp:110:38:[m[K [01;35m[Kwarning: [m[K‘[01m[Kconstexpr const T& rcppmath::[01;32m[Kclamp[m[K(const T&, const T&, const T&) [35m[K[with T = double][m[K[m[K’ is deprecated: use std::clamp instead, introduced in C++17 [[01;35m[K-Wdeprecated-declarations[m[K]
  110 |     const double dv = [01;35m[Krcppmath::clamp(v - v0, dv_min, dv_max)[m[K;
      |                       [01;35m[K~~~~~~~~~~~~~~~^~~~~~~~~~~~~~~~~~~~~~~~[m[K
[01m[K/opt/ros/jazzy/include/rcpputils/rcppmath/clamp.hpp:41:21:[m[K [01;36m[Knote: [m[Kdeclared here
   41 | constexpr const T & [01;36m[Kclamp[m[K(const T & v, const T & lo, const T & hi)
      |                     [01;36m[K^~~~~[m[K
[01m[K/ros2_ws/jazzy_ws/src/grr_cmake_controller/src/speed_limiter.cpp:[m[K In member function ‘[01m[Kdouble grr_cmake_controller::SpeedLimiter::[01;32m[Klimit_jerk[m[K(double&, double, double, double)[m[K’:
[01m[K/ros2_ws/jazzy_ws/src/grr_cmake_controller/src/speed_limiter.cpp:132:38:[m[K [01;35m[Kwarning: [m[K‘[01m[Kconstexpr const T& rcppmath::[01;32m[Kclamp[m[K(const T&, const T&, const T&) [35m[K[with T = double][m[K[m[K’ is deprecated: use std::clamp instead, introduced in C++17 [[01;35m[K-Wdeprecated-declarations[m[K]
  132 |     const double da = [01;35m[Krcppmath::clamp(dv - dv0, da_min, da_max)[m[K;
      |                       [01;35m[K~~~~~~~~~~~~~~~^~~~~~~~~~~~~~~~~~~~~~~~~~[m[K
[01m[K/opt/ros/jazzy/include/rcpputils/rcppmath/clamp.hpp:41:21:[m[K [01;36m[Knote: [m[Kdeclared here
   41 | constexpr const T & [01;36m[Kclamp[m[K(const T & v, const T & lo, const T & hi)
      |                     [01;36m[K^~~~~[m[K
In file included from [01m[K/ros2_ws/jazzy_ws/src/grr_cmake_controller/include/grr_cmake_controller/odometry.hpp:34[m[K,
                 from [01m[K/ros2_ws/jazzy_ws/src/grr_cmake_controller/src/odometry.cpp:19[m[K:
[01m[K/opt/ros/jazzy/include/realtime_tools/realtime_tools/realtime_box.h:25:2:[m[K [01;35m[Kwarning: [m[K#warning "This header include is deprecated. Please update your code to use 'realtime_box.hpp' header." [[01;35m[K-Wcpp[m[K]
   25 | #[01;35m[Kwarning[m[K \
      |  [01;35m[K^~~~~~~[m[K
In file included from [01m[K/ros2_ws/jazzy_ws/src/grr_cmake_controller/include/grr_cmake_controller/odometry.hpp:35[m[K:
[01m[K/opt/ros/jazzy/include/realtime_tools/realtime_tools/realtime_buffer.h:25:2:[m[K [01;35m[Kwarning: [m[K#warning "This header include is deprecated. Please update your code to use 'realtime_buffer.hpp' header." [[01;35m[K-Wcpp[m[K]
   25 | #[01;35m[Kwarning[m[K \
      |  [01;35m[K^~~~~~~[m[K
In file included from [01m[K/ros2_ws/jazzy_ws/src/grr_cmake_controller/include/grr_cmake_controller/odometry.hpp:36[m[K:
[01m[K/opt/ros/jazzy/include/realtime_tools/realtime_tools/realtime_publisher.h:25:2:[m[K [01;35m[Kwarning: [m[K#warning "This header include is deprecated. Please update your code to use 'realtime_publisher.hpp' header." [[01;35m[K-Wcpp[m[K]
   25 | #[01;35m[Kwarning[m[K \
      |  [01;35m[K^~~~~~~[m[K
In file included from [01m[K/ros2_ws/jazzy_ws/src/grr_cmake_controller/include/grr_cmake_controller/odometry.hpp:34[m[K,
                 from [01m[K/ros2_ws/jazzy_ws/src/grr_cmake_controller/include/grr_cmake_controller/grr_cmake_controller.hpp:31[m[K,
                 from [01m[K/ros2_ws/jazzy_ws/src/grr_cmake_controller/src/grr_cmake_controller.cpp:25[m[K:
[01m[K/opt/ros/jazzy/include/realtime_tools/realtime_tools/realtime_box.h:25:2:[m[K [01;35m[Kwarning: [m[K#warning "This header include is deprecated. Please update your code to use 'realtime_box.hpp' header." [[01;35m[K-Wcpp[m[K]
   25 | #[01;35m[Kwarning[m[K \
      |  [01;35m[K^~~~~~~[m[K
In file included from [01m[K/ros2_ws/jazzy_ws/src/grr_cmake_controller/include/grr_cmake_controller/odometry.hpp:35[m[K:
[01m[K/opt/ros/jazzy/include/realtime_tools/realtime_tools/realtime_buffer.h:25:2:[m[K [01;35m[Kwarning: [m[K#warning "This header include is deprecated. Please update your code to use 'realtime_buffer.hpp' header." [[01;35m[K-Wcpp[m[K]
   25 | #[01;35m[Kwarning[m[K \
      |  [01;35m[K^~~~~~~[m[K
In file included from [01m[K/ros2_ws/jazzy_ws/src/grr_cmake_controller/include/grr_cmake_controller/odometry.hpp:36[m[K:
[01m[K/opt/ros/jazzy/include/realtime_tools/realtime_tools/realtime_publisher.h:25:2:[m[K [01;35m[Kwarning: [m[K#warning "This header include is deprecated. Please update your code to use 'realtime_publisher.hpp' header." [[01;35m[K-Wcpp[m[K]
   25 | #[01;35m[Kwarning[m[K \
      |  [01;35m[K^~~~~~~[m[K
In file included from [01m[K/opt/ros/jazzy/include/realtime_tools/realtime_tools/realtime_box.h:18[m[K:
[01m[K/opt/ros/jazzy/include/realtime_tools/realtime_tools/realtime_box.hpp:40:151:[m[K [01;36m[Knote: [m[K‘[01m[K#pragma message: 'RealtimeBox' is deprecated. Please update your code to use 'realtime_thread_safe_box.hpp' header, and class name 'RealtimeThreadSafeBox' instead.[m[K’
   40 |   "'RealtimeBox' is deprecated. Please update your code to use 'realtime_thread_safe_box.hpp' header, and class name 'RealtimeThreadSafeBox' instead."[01;36m[K)[m[K  //NOLINT
      |                                                                                                                                                       [01;36m[K^[m[K
In file included from [01m[K/opt/ros/jazzy/include/realtime_tools/realtime_tools/realtime_box.h:18[m[K:
[01m[K/opt/ros/jazzy/include/realtime_tools/realtime_tools/realtime_box.hpp:40:151:[m[K [01;36m[Knote: [m[K‘[01m[K#pragma message: 'RealtimeBox' is deprecated. Please update your code to use 'realtime_thread_safe_box.hpp' header, and class name 'RealtimeThreadSafeBox' instead.[m[K’
   40 |   "'RealtimeBox' is deprecated. Please update your code to use 'realtime_thread_safe_box.hpp' header, and class name 'RealtimeThreadSafeBox' instead."[01;36m[K)[m[K  //NOLINT
      |                                                                                                                                                       [01;36m[K^[m[K
[01m[K/ros2_ws/jazzy_ws/src/grr_cmake_controller/src/grr_cmake_controller.cpp:[m[K In member function ‘[01m[Kvoid grr_cmake_controller::Wheel::[01;32m[Kset_velocity[m[K(double)[m[K’:
[01m[K/ros2_ws/jazzy_ws/src/grr_cmake_controller/src/grr_cmake_controller.cpp:57:36:[m[K [01;35m[Kwarning: [m[Kignoring return value of ‘[01m[Kbool hardware_interface::LoanedCommandInterface::[01;32m[Kset_value[m[K(const T&, unsigned int) [35m[K[with T = double][m[K[m[K’, declared with attribute ‘[01m[Knodiscard[m[K’ [[01;35m[K-Wunused-result[m[K]
   57 |   [01;35m[Kcommand_velocity_.get().set_value(velocity)[m[K;
      |   [01;35m[K~~~~~~~~~~~~~~~~~~~~~~~~~~~~~~~~~^~~~~~~~~~[m[K
In file included from [01m[K/opt/ros/jazzy/include/controller_interface/controller_interface/controller_interface_base.hpp:29[m[K,
                 from [01m[K/opt/ros/jazzy/include/controller_interface/controller_interface/controller_interface.hpp:21[m[K,
                 from [01m[K/ros2_ws/jazzy_ws/src/grr_cmake_controller/include/grr_cmake_controller/grr_cmake_controller.hpp:29[m[K:
[01m[K/opt/ros/jazzy/include/hardware_interface/hardware_interface/loaned_command_interface.hpp:113:22:[m[K [01;36m[Knote: [m[Kdeclared here
  113 |   [[nodiscard]] bool [01;36m[Kset_value[m[K(const T & value, unsigned int max_tries = 10)
      |                      [01;36m[K^~~~~~~~~[m[K
[01m[K/ros2_ws/jazzy_ws/src/grr_cmake_controller/src/grr_cmake_controller.cpp:[m[K In member function ‘[01m[Kdouble grr_cmake_controller::Wheel::[01;32m[Kget_velocity[m[K()[m[K’:
[01m[K/ros2_ws/jazzy_ws/src/grr_cmake_controller/src/grr_cmake_controller.cpp:61:41:[m[K [01;35m[Kwarning: [m[K‘[01m[Kdouble hardware_interface::LoanedStateInterface::[01;32m[Kget_value[m[K() const[m[K’ is deprecated: Use std::optional<T> get_optional() instead to retrieve the value. This method will be removed by the ROS 2 Kilted Kaiju release. [[01;35m[K-Wdeprecated-declarations[m[K]
   61 |   return [01;35m[Kstate_velocity_.get().get_value()[m[K;
      |          [01;35m[K~~~~~~~~~~~~~~~~~~~~~~~~~~~~~~~^~[m[K
In file included from [01m[K/opt/ros/jazzy/include/controller_interface/controller_interface/controller_interface_base.hpp:30[m[K:
[01m[K/opt/ros/jazzy/include/hardware_interface/hardware_interface/loaned_state_interface.hpp:94:10:[m[K [01;36m[Knote: [m[Kdeclared here
   94 |   double [01;36m[Kget_value[m[K() const
      |          [01;36m[K^~~~~~~~~[m[K
[01m[K/ros2_ws/jazzy_ws/src/grr_cmake_controller/src/grr_cmake_controller.cpp:[m[K In member function ‘[01m[Kvirtual controller_interface::return_type grr_cmake_controller::MecanumController::[01;32m[Kupdate[m[K(const rclcpp::Time&, const rclcpp::Duration&)[m[K’:
[01m[K/ros2_ws/jazzy_ws/src/grr_cmake_controller/src/grr_cmake_controller.cpp:130:33:[m[K [01;35m[Kwarning: [m[K‘[01m[Kstd::enable_if_t<is_ptr_or_smart_ptr<U>, void> realtime_tools::RealtimeThreadSafeBox<T, mutex_type>::[01;32m[Kget[m[K(T&) const [35m[K[with U = std::shared_ptr<geometry_msgs::msg::TwistStamped_<std::allocator<void> > >; T = std::shared_ptr<geometry_msgs::msg::TwistStamped_<std::allocator<void> > >; mutex_type = std::mutex; std::enable_if_t<is_ptr_or_smart_ptr<U>, void> = void][m[K[m[K’ is deprecated: Use get(const std::function<void(const T &)> & func) instead! [[01;35m[K-Wdeprecated-declarations[m[K]
  130 |   [01;35m[Kreceived_velocity_msg_ptr_.get(last_command_msg)[m[K;
      |   [01;35m[K~~~~~~~~~~~~~~~~~~~~~~~~~~~~~~^~~~~~~~~~~~~~~~~~[m[K
In file included from [01m[K/opt/ros/jazzy/include/realtime_tools/realtime_tools/realtime_box.hpp:36[m[K:
[01m[K/opt/ros/jazzy/include/realtime_tools/realtime_tools/realtime_thread_safe_box.hpp:353:59:[m[K [01;36m[Knote: [m[Kdeclared here
  353 |   typename std::enable_if_t<is_ptr_or_smart_ptr<U>, void> [01;36m[Kget[m[K(T & in) const
      |                                                           [01;36m[K^~~[m[K
[01m[K/ros2_ws/jazzy_ws/src/grr_cmake_controller/src/grr_cmake_controller.cpp:[m[K In member function ‘[01m[Kvirtual grr_cmake_controller::CallbackReturn grr_cmake_controller::MecanumController::[01;32m[Kon_configure[m[K(const rclcpp_lifecycle::State&)[m[K’:
[01m[K/ros2_ws/jazzy_ws/src/grr_cmake_controller/src/grr_cmake_controller.cpp:238:33:[m[K [01;35m[Kwarning: [m[K‘[01m[Kstd::enable_if_t<is_ptr_or_smart_ptr<U>, void> realtime_tools::RealtimeThreadSafeBox<T, mutex_type>::[01;32m[Kset[m[K(const T&) [35m[K[with U = std::shared_ptr<geometry_msgs::msg::TwistStamped_<std::allocator<void> > >; T = std::shared_ptr<geometry_msgs::msg::TwistStamped_<std::allocator<void> > >; mutex_type = std::mutex; std::enable_if_t<is_ptr_or_smart_ptr<U>, void> = void][m[K[m[K’ is deprecated: Use set(const std::function<void(T &)> & func) instead! [[01;35m[K-Wdeprecated-declarations[m[K]
  238 |   [01;35m[Kreceived_velocity_msg_ptr_.set(std::make_shared<Twist>(empty_twist))[m[K;
      |   [01;35m[K~~~~~~~~~~~~~~~~~~~~~~~~~~~~~~^~~~~~~~~~~~~~~~~~~~~~~~~~~~~~~~~~~~~~[m[K
[01m[K/opt/ros/jazzy/include/realtime_tools/realtime_tools/realtime_thread_safe_box.hpp:273:59:[m[K [01;36m[Knote: [m[Kdeclared here
  273 |   typename std::enable_if_t<is_ptr_or_smart_ptr<U>, void> [01;36m[Kset[m[K(const T & value)
      |                                                           [01;36m[K^~~[m[K
[01m[K/ros2_ws/jazzy_ws/src/grr_cmake_controller/src/grr_cmake_controller.cpp:[m[K In lambda function:
[01m[K/ros2_ws/jazzy_ws/src/grr_cmake_controller/src/grr_cmake_controller.cpp:259:39:[m[K [01;35m[Kwarning: [m[K‘[01m[Kstd::enable_if_t<is_ptr_or_smart_ptr<U>, void> realtime_tools::RealtimeThreadSafeBox<T, mutex_type>::[01;32m[Kset[m[K(const T&) [35m[K[with U = std::shared_ptr<geometry_msgs::msg::TwistStamped_<std::allocator<void> > >; T = std::shared_ptr<geometry_msgs::msg::TwistStamped_<std::allocator<void> > >; mutex_type = std::mutex; std::enable_if_t<is_ptr_or_smart_ptr<U>, void> = void][m[K[m[K’ is deprecated: Use set(const std::function<void(T &)> & func) instead! [[01;35m[K-Wdeprecated-declarations[m[K]
  259 |         [01;35m[Kreceived_velocity_msg_ptr_.set(std::move(msg))[m[K;
      |         [01;35m[K~~~~~~~~~~~~~~~~~~~~~~~~~~~~~~^~~~~~~~~~~~~~~~[m[K
[01m[K/opt/ros/jazzy/include/realtime_tools/realtime_tools/realtime_thread_safe_box.hpp:273:59:[m[K [01;36m[Knote: [m[Kdeclared here
  273 |   typename std::enable_if_t<is_ptr_or_smart_ptr<U>, void> [01;36m[Kset[m[K(const T & value)
      |                                                           [01;36m[K^~~[m[K
[01m[K/ros2_ws/jazzy_ws/src/grr_cmake_controller/src/grr_cmake_controller.cpp:[m[K In lambda function:
[01m[K/ros2_ws/jazzy_ws/src/grr_cmake_controller/src/grr_cmake_controller.cpp:275:39:[m[K [01;35m[Kwarning: [m[K‘[01m[Kstd::enable_if_t<is_ptr_or_smart_ptr<U>, void> realtime_tools::RealtimeThreadSafeBox<T, mutex_type>::[01;32m[Kget[m[K(T&) const [35m[K[with U = std::shared_ptr<geometry_msgs::msg::TwistStamped_<std::allocator<void> > >; T = std::shared_ptr<geometry_msgs::msg::TwistStamped_<std::allocator<void> > >; mutex_type = std::mutex; std::enable_if_t<is_ptr_or_smart_ptr<U>, void> = void][m[K[m[K’ is deprecated: Use get(const std::function<void(const T &)> & func) instead! [[01;35m[K-Wdeprecated-declarations[m[K]
  275 |         [01;35m[Kreceived_velocity_msg_ptr_.get(twist_stamped)[m[K;
      |         [01;35m[K~~~~~~~~~~~~~~~~~~~~~~~~~~~~~~^~~~~~~~~~~~~~~[m[K
[01m[K/opt/ros/jazzy/include/realtime_tools/realtime_tools/realtime_thread_safe_box.hpp:353:59:[m[K [01;36m[Knote: [m[Kdeclared here
  353 |   typename std::enable_if_t<is_ptr_or_smart_ptr<U>, void> [01;36m[Kget[m[K(T & in) const
      |                                                           [01;36m[K^~~[m[K
[01m[K/ros2_ws/jazzy_ws/src/grr_cmake_controller/src/grr_cmake_controller.cpp:[m[K In member function ‘[01m[Kvirtual grr_cmake_controller::CallbackReturn grr_cmake_controller::MecanumController::[01;32m[Kon_cleanup[m[K(const rclcpp_lifecycle::State&)[m[K’:
[01m[K/ros2_ws/jazzy_ws/src/grr_cmake_controller/src/grr_cmake_controller.cpp:328:33:[m[K [01;35m[Kwarning: [m[K‘[01m[Kstd::enable_if_t<is_ptr_or_smart_ptr<U>, void> realtime_tools::RealtimeThreadSafeBox<T, mutex_type>::[01;32m[Kset[m[K(const T&) [35m[K[with U = std::shared_ptr<geometry_msgs::msg::TwistStamped_<std::allocator<void> > >; T = std::shared_ptr<geometry_msgs::msg::TwistStamped_<std::allocator<void> > >; mutex_type = std::mutex; std::enable_if_t<is_ptr_or_smart_ptr<U>, void> = void][m[K[m[K’ is deprecated: Use set(const std::function<void(T &)> & func) instead! [[01;35m[K-Wdeprecated-declarations[m[K]
  328 |   [01;35m[Kreceived_velocity_msg_ptr_.set(std::make_shared<Twist>())[m[K;
      |   [01;35m[K~~~~~~~~~~~~~~~~~~~~~~~~~~~~~~^~~~~~~~~~~~~~~~~~~~~~~~~~~[m[K
[01m[K/opt/ros/jazzy/include/realtime_tools/realtime_tools/realtime_thread_safe_box.hpp:273:59:[m[K [01;36m[Knote: [m[Kdeclared here
  273 |   typename std::enable_if_t<is_ptr_or_smart_ptr<U>, void> [01;36m[Kset[m[K(const T & value)
      |                                                           [01;36m[K^~~[m[K
