[0.330s] DEBUG:colcon:Command line arguments: ['/usr/bin/colcon', 'build', '--symlink-install']
[0.330s] DEBUG:colcon:Parsed command line arguments: Namespace(log_base=None, log_level=None, verb_name='build', build_base='build', install_base='install', merge_install=False, symlink_install=True, test_result_base=None, continue_on_error=False, executor='parallel', parallel_workers=4, event_handlers=None, ignore_user_meta=False, metas=['./colcon.meta'], base_paths=['.'], packages_ignore=None, packages_ignore_regex=None, paths=None, packages_up_to=None, packages_up_to_regex=None, packages_above=None, packages_above_and_dependencies=None, packages_above_depth=None, packages_select_by_dep=None, packages_skip_by_dep=None, packages_skip_up_to=None, packages_select_build_failed=False, packages_skip_build_finished=False, packages_select_test_failures=False, packages_skip_test_passed=False, packages_select=None, packages_skip=None, packages_select_regex=None, packages_skip_regex=None, packages_start=None, packages_end=None, cmake_args=None, cmake_target=None, cmake_target_skip_unavailable=False, cmake_clean_cache=False, cmake_clean_first=False, cmake_force_configure=False, ament_cmake_args=None, catkin_cmake_args=None, catkin_skip_building_tests=False, mixin_files=None, mixin=None, verb_parser=<colcon_mixin.mixin.mixin_argument.MixinArgumentDecorator object at 0xffffa7e52210>, verb_extension=<colcon_core.verb.build.BuildVerb object at 0xffffa7e51cd0>, main=<bound method BuildVerb.main of <colcon_core.verb.build.BuildVerb object at 0xffffa7e51cd0>>, mixin_verb=('build',))
[0.421s] Level 1:colcon.colcon_core.package_discovery:discover_packages(colcon_meta) check parameters
[0.423s] INFO:colcon.colcon_metadata.package_discovery.colcon_meta:Using configuration from '/root/.colcon/metadata/default/Gazebo.meta'
[0.424s] INFO:colcon.colcon_metadata.package_discovery.colcon_meta:Using configuration from '/root/.colcon/metadata/default/fastdds.meta'
[0.425s] INFO:colcon.colcon_metadata.package_discovery.colcon_meta:Using configuration from '/root/.colcon/metadata/default/fastrtps.meta'
[0.425s] Level 1:colcon.colcon_core.package_discovery:discover_packages(recursive) check parameters
[0.425s] Level 1:colcon.colcon_core.package_discovery:discover_packages(ignore) check parameters
[0.425s] Level 1:colcon.colcon_core.package_discovery:discover_packages(path) check parameters
[0.425s] Level 1:colcon.colcon_core.package_discovery:discover_packages(colcon_meta) discover
[0.425s] Level 1:colcon.colcon_core.package_discovery:discover_packages(recursive) discover
[0.425s] INFO:colcon.colcon_core.package_discovery:Crawling recursively for packages in '/ros2_ws/jazzy_ws'
[0.426s] Level 1:colcon.colcon_core.package_identification:_identify(.) by extensions ['ignore', 'ignore_ament_install']
[0.426s] Level 1:colcon.colcon_core.package_identification:_identify(.) by extension 'ignore'
[0.426s] Level 1:colcon.colcon_core.package_identification:_identify(.) by extension 'ignore_ament_install'
[0.426s] Level 1:colcon.colcon_core.package_identification:_identify(.) by extensions ['colcon_pkg']
[0.426s] Level 1:colcon.colcon_core.package_identification:_identify(.) by extension 'colcon_pkg'
[0.426s] Level 1:colcon.colcon_core.package_identification:_identify(.) by extensions ['colcon_meta']
[0.427s] Level 1:colcon.colcon_core.package_identification:_identify(.) by extension 'colcon_meta'
[0.427s] Level 1:colcon.colcon_core.package_identification:_identify(.) by extensions ['ros']
[0.427s] Level 1:colcon.colcon_core.package_identification:_identify(.) by extension 'ros'
[0.485s] Level 1:colcon.colcon_core.package_identification:_identify(.) by extensions ['cmake', 'python']
[0.485s] Level 1:colcon.colcon_core.package_identification:_identify(.) by extension 'cmake'
[0.485s] Level 1:colcon.colcon_core.package_identification:_identify(.) by extension 'python'
[0.486s] Level 1:colcon.colcon_core.package_identification:_identify(.) by extensions ['python_setup_py']
[0.486s] Level 1:colcon.colcon_core.package_identification:_identify(.) by extension 'python_setup_py'
[0.486s] Level 1:colcon.colcon_core.package_identification:_identify(build) by extensions ['ignore', 'ignore_ament_install']
[0.486s] Level 1:colcon.colcon_core.package_identification:_identify(build) by extension 'ignore'
[0.486s] Level 1:colcon.colcon_core.package_identification:_identify(build) ignored
[0.487s] Level 1:colcon.colcon_core.package_identification:_identify(install) by extensions ['ignore', 'ignore_ament_install']
[0.487s] Level 1:colcon.colcon_core.package_identification:_identify(install) by extension 'ignore'
[0.487s] Level 1:colcon.colcon_core.package_identification:_identify(install) ignored
[0.487s] Level 1:colcon.colcon_core.package_identification:_identify(log) by extensions ['ignore', 'ignore_ament_install']
[0.487s] Level 1:colcon.colcon_core.package_identification:_identify(log) by extension 'ignore'
[0.488s] Level 1:colcon.colcon_core.package_identification:_identify(log) ignored
[0.488s] Level 1:colcon.colcon_core.package_identification:_identify(src) by extensions ['ignore', 'ignore_ament_install']
[0.488s] Level 1:colcon.colcon_core.package_identification:_identify(src) by extension 'ignore'
[0.488s] Level 1:colcon.colcon_core.package_identification:_identify(src) by extension 'ignore_ament_install'
[0.488s] Level 1:colcon.colcon_core.package_identification:_identify(src) by extensions ['colcon_pkg']
[0.488s] Level 1:colcon.colcon_core.package_identification:_identify(src) by extension 'colcon_pkg'
[0.488s] Level 1:colcon.colcon_core.package_identification:_identify(src) by extensions ['colcon_meta']
[0.488s] Level 1:colcon.colcon_core.package_identification:_identify(src) by extension 'colcon_meta'
[0.489s] Level 1:colcon.colcon_core.package_identification:_identify(src) by extensions ['ros']
[0.489s] Level 1:colcon.colcon_core.package_identification:_identify(src) by extension 'ros'
[0.489s] Level 1:colcon.colcon_core.package_identification:_identify(src) by extensions ['cmake', 'python']
[0.489s] Level 1:colcon.colcon_core.package_identification:_identify(src) by extension 'cmake'
[0.489s] Level 1:colcon.colcon_core.package_identification:_identify(src) by extension 'python'
[0.489s] Level 1:colcon.colcon_core.package_identification:_identify(src) by extensions ['python_setup_py']
[0.489s] Level 1:colcon.colcon_core.package_identification:_identify(src) by extension 'python_setup_py'
[0.490s] Level 1:colcon.colcon_core.package_identification:_identify(src/grr_bringup) by extensions ['ignore', 'ignore_ament_install']
[0.490s] Level 1:colcon.colcon_core.package_identification:_identify(src/grr_bringup) by extension 'ignore'
[0.490s] Level 1:colcon.colcon_core.package_identification:_identify(src/grr_bringup) by extension 'ignore_ament_install'
[0.490s] Level 1:colcon.colcon_core.package_identification:_identify(src/grr_bringup) by extensions ['colcon_pkg']
[0.490s] Level 1:colcon.colcon_core.package_identification:_identify(src/grr_bringup) by extension 'colcon_pkg'
[0.490s] Level 1:colcon.colcon_core.package_identification:_identify(src/grr_bringup) by extensions ['colcon_meta']
[0.490s] Level 1:colcon.colcon_core.package_identification:_identify(src/grr_bringup) by extension 'colcon_meta'
[0.490s] Level 1:colcon.colcon_core.package_identification:_identify(src/grr_bringup) by extensions ['ros']
[0.490s] Level 1:colcon.colcon_core.package_identification:_identify(src/grr_bringup) by extension 'ros'
[0.495s] DEBUG:colcon.colcon_core.package_identification:Package 'src/grr_bringup' with type 'ros.ament_cmake' and name 'grr_bringup'
[0.496s] Level 1:colcon.colcon_core.package_identification:_identify(src/grr_cmake_controller) by extensions ['ignore', 'ignore_ament_install']
[0.496s] Level 1:colcon.colcon_core.package_identification:_identify(src/grr_cmake_controller) by extension 'ignore'
[0.496s] Level 1:colcon.colcon_core.package_identification:_identify(src/grr_cmake_controller) by extension 'ignore_ament_install'
[0.496s] Level 1:colcon.colcon_core.package_identification:_identify(src/grr_cmake_controller) by extensions ['colcon_pkg']
[0.496s] Level 1:colcon.colcon_core.package_identification:_identify(src/grr_cmake_controller) by extension 'colcon_pkg'
[0.497s] Level 1:colcon.colcon_core.package_identification:_identify(src/grr_cmake_controller) by extensions ['colcon_meta']
[0.497s] Level 1:colcon.colcon_core.package_identification:_identify(src/grr_cmake_controller) by extension 'colcon_meta'
[0.497s] Level 1:colcon.colcon_core.package_identification:_identify(src/grr_cmake_controller) by extensions ['ros']
[0.497s] Level 1:colcon.colcon_core.package_identification:_identify(src/grr_cmake_controller) by extension 'ros'
[0.498s] DEBUG:colcon.colcon_core.package_identification:Package 'src/grr_cmake_controller' with type 'ros.ament_cmake' and name 'grr_cmake_controller'
[0.498s] Level 1:colcon.colcon_core.package_identification:_identify(src/grr_description) by extensions ['ignore', 'ignore_ament_install']
[0.498s] Level 1:colcon.colcon_core.package_identification:_identify(src/grr_description) by extension 'ignore'
[0.498s] Level 1:colcon.colcon_core.package_identification:_identify(src/grr_description) by extension 'ignore_ament_install'
[0.499s] Level 1:colcon.colcon_core.package_identification:_identify(src/grr_description) by extensions ['colcon_pkg']
[0.499s] Level 1:colcon.colcon_core.package_identification:_identify(src/grr_description) by extension 'colcon_pkg'
[0.499s] Level 1:colcon.colcon_core.package_identification:_identify(src/grr_description) by extensions ['colcon_meta']
[0.499s] Level 1:colcon.colcon_core.package_identification:_identify(src/grr_description) by extension 'colcon_meta'
[0.499s] Level 1:colcon.colcon_core.package_identification:_identify(src/grr_description) by extensions ['ros']
[0.499s] Level 1:colcon.colcon_core.package_identification:_identify(src/grr_description) by extension 'ros'
[0.500s] DEBUG:colcon.colcon_core.package_identification:Package 'src/grr_description' with type 'ros.ament_cmake' and name 'grr_description'
[0.500s] Level 1:colcon.colcon_core.package_identification:_identify(src/grr_hardware) by extensions ['ignore', 'ignore_ament_install']
[0.500s] Level 1:colcon.colcon_core.package_identification:_identify(src/grr_hardware) by extension 'ignore'
[0.501s] Level 1:colcon.colcon_core.package_identification:_identify(src/grr_hardware) by extension 'ignore_ament_install'
[0.501s] Level 1:colcon.colcon_core.package_identification:_identify(src/grr_hardware) by extensions ['colcon_pkg']
[0.501s] Level 1:colcon.colcon_core.package_identification:_identify(src/grr_hardware) by extension 'colcon_pkg'
[0.501s] Level 1:colcon.colcon_core.package_identification:_identify(src/grr_hardware) by extensions ['colcon_meta']
[0.501s] Level 1:colcon.colcon_core.package_identification:_identify(src/grr_hardware) by extension 'colcon_meta'
[0.501s] Level 1:colcon.colcon_core.package_identification:_identify(src/grr_hardware) by extensions ['ros']
[0.501s] Level 1:colcon.colcon_core.package_identification:_identify(src/grr_hardware) by extension 'ros'
[0.503s] DEBUG:colcon.colcon_core.package_identification:Package 'src/grr_hardware' with type 'ros.ament_cmake' and name 'grr_hardware'
[0.503s] Level 1:colcon.colcon_core.package_identification:_identify(src/grr_test) by extensions ['ignore', 'ignore_ament_install']
[0.503s] Level 1:colcon.colcon_core.package_identification:_identify(src/grr_test) by extension 'ignore'
[0.504s] Level 1:colcon.colcon_core.package_identification:_identify(src/grr_test) by extension 'ignore_ament_install'
[0.504s] Level 1:colcon.colcon_core.package_identification:_identify(src/grr_test) by extensions ['colcon_pkg']
[0.504s] Level 1:colcon.colcon_core.package_identification:_identify(src/grr_test) by extension 'colcon_pkg'
[0.504s] Level 1:colcon.colcon_core.package_identification:_identify(src/grr_test) by extensions ['colcon_meta']
[0.504s] Level 1:colcon.colcon_core.package_identification:_identify(src/grr_test) by extension 'colcon_meta'
[0.504s] Level 1:colcon.colcon_core.package_identification:_identify(src/grr_test) by extensions ['ros']
[0.504s] Level 1:colcon.colcon_core.package_identification:_identify(src/grr_test) by extension 'ros'
[0.505s] DEBUG:colcon.colcon_core.package_identification:Package 'src/grr_test' with type 'ros.ament_python' and name 'grr_test'
[0.505s] Level 1:colcon.colcon_core.package_discovery:discover_packages(recursive) using defaults
[0.505s] Level 1:colcon.colcon_core.package_discovery:discover_packages(ignore) discover
[0.505s] Level 1:colcon.colcon_core.package_discovery:discover_packages(ignore) using defaults
[0.505s] Level 1:colcon.colcon_core.package_discovery:discover_packages(path) discover
[0.506s] Level 1:colcon.colcon_core.package_discovery:discover_packages(path) using defaults
[0.554s] Level 5:colcon.colcon_core.verb:set package 'grr_bringup' build argument 'cmake_args' from command line to 'None'
[0.554s] Level 5:colcon.colcon_core.verb:set package 'grr_bringup' build argument 'cmake_target' from command line to 'None'
[0.554s] Level 5:colcon.colcon_core.verb:set package 'grr_bringup' build argument 'cmake_target_skip_unavailable' from command line to 'False'
[0.554s] Level 5:colcon.colcon_core.verb:set package 'grr_bringup' build argument 'cmake_clean_cache' from command line to 'False'
[0.554s] Level 5:colcon.colcon_core.verb:set package 'grr_bringup' build argument 'cmake_clean_first' from command line to 'False'
[0.554s] Level 5:colcon.colcon_core.verb:set package 'grr_bringup' build argument 'cmake_force_configure' from command line to 'False'
[0.555s] Level 5:colcon.colcon_core.verb:set package 'grr_bringup' build argument 'ament_cmake_args' from command line to 'None'
[0.555s] Level 5:colcon.colcon_core.verb:set package 'grr_bringup' build argument 'catkin_cmake_args' from command line to 'None'
[0.555s] Level 5:colcon.colcon_core.verb:set package 'grr_bringup' build argument 'catkin_skip_building_tests' from command line to 'False'
[0.555s] DEBUG:colcon.colcon_core.verb:Building package 'grr_bringup' with the following arguments: {'ament_cmake_args': None, 'build_base': '/ros2_ws/jazzy_ws/build/grr_bringup', 'catkin_cmake_args': None, 'catkin_skip_building_tests': False, 'cmake_args': None, 'cmake_clean_cache': False, 'cmake_clean_first': False, 'cmake_force_configure': False, 'cmake_target': None, 'cmake_target_skip_unavailable': False, 'install_base': '/ros2_ws/jazzy_ws/install/grr_bringup', 'merge_install': False, 'path': '/ros2_ws/jazzy_ws/src/grr_bringup', 'symlink_install': True, 'test_result_base': None}
[0.555s] Level 5:colcon.colcon_core.verb:set package 'grr_cmake_controller' build argument 'cmake_args' from command line to 'None'
[0.555s] Level 5:colcon.colcon_core.verb:set package 'grr_cmake_controller' build argument 'cmake_target' from command line to 'None'
[0.555s] Level 5:colcon.colcon_core.verb:set package 'grr_cmake_controller' build argument 'cmake_target_skip_unavailable' from command line to 'False'
[0.556s] Level 5:colcon.colcon_core.verb:set package 'grr_cmake_controller' build argument 'cmake_clean_cache' from command line to 'False'
[0.556s] Level 5:colcon.colcon_core.verb:set package 'grr_cmake_controller' build argument 'cmake_clean_first' from command line to 'False'
[0.556s] Level 5:colcon.colcon_core.verb:set package 'grr_cmake_controller' build argument 'cmake_force_configure' from command line to 'False'
[0.556s] Level 5:colcon.colcon_core.verb:set package 'grr_cmake_controller' build argument 'ament_cmake_args' from command line to 'None'
[0.556s] Level 5:colcon.colcon_core.verb:set package 'grr_cmake_controller' build argument 'catkin_cmake_args' from command line to 'None'
[0.556s] Level 5:colcon.colcon_core.verb:set package 'grr_cmake_controller' build argument 'catkin_skip_building_tests' from command line to 'False'
[0.556s] DEBUG:colcon.colcon_core.verb:Building package 'grr_cmake_controller' with the following arguments: {'ament_cmake_args': None, 'build_base': '/ros2_ws/jazzy_ws/build/grr_cmake_controller', 'catkin_cmake_args': None, 'catkin_skip_building_tests': False, 'cmake_args': None, 'cmake_clean_cache': False, 'cmake_clean_first': False, 'cmake_force_configure': False, 'cmake_target': None, 'cmake_target_skip_unavailable': False, 'install_base': '/ros2_ws/jazzy_ws/install/grr_cmake_controller', 'merge_install': False, 'path': '/ros2_ws/jazzy_ws/src/grr_cmake_controller', 'symlink_install': True, 'test_result_base': None}
[0.556s] Level 5:colcon.colcon_core.verb:set package 'grr_hardware' build argument 'cmake_args' from command line to 'None'
[0.557s] Level 5:colcon.colcon_core.verb:set package 'grr_hardware' build argument 'cmake_target' from command line to 'None'
[0.557s] Level 5:colcon.colcon_core.verb:set package 'grr_hardware' build argument 'cmake_target_skip_unavailable' from command line to 'False'
[0.557s] Level 5:colcon.colcon_core.verb:set package 'grr_hardware' build argument 'cmake_clean_cache' from command line to 'False'
[0.557s] Level 5:colcon.colcon_core.verb:set package 'grr_hardware' build argument 'cmake_clean_first' from command line to 'False'
[0.557s] Level 5:colcon.colcon_core.verb:set package 'grr_hardware' build argument 'cmake_force_configure' from command line to 'False'
[0.557s] Level 5:colcon.colcon_core.verb:set package 'grr_hardware' build argument 'ament_cmake_args' from command line to 'None'
[0.557s] Level 5:colcon.colcon_core.verb:set package 'grr_hardware' build argument 'catkin_cmake_args' from command line to 'None'
[0.557s] Level 5:colcon.colcon_core.verb:set package 'grr_hardware' build argument 'catkin_skip_building_tests' from command line to 'False'
[0.557s] DEBUG:colcon.colcon_core.verb:Building package 'grr_hardware' with the following arguments: {'ament_cmake_args': None, 'build_base': '/ros2_ws/jazzy_ws/build/grr_hardware', 'catkin_cmake_args': None, 'catkin_skip_building_tests': False, 'cmake_args': None, 'cmake_clean_cache': False, 'cmake_clean_first': False, 'cmake_force_configure': False, 'cmake_target': None, 'cmake_target_skip_unavailable': False, 'install_base': '/ros2_ws/jazzy_ws/install/grr_hardware', 'merge_install': False, 'path': '/ros2_ws/jazzy_ws/src/grr_hardware', 'symlink_install': True, 'test_result_base': None}
[0.558s] Level 5:colcon.colcon_core.verb:set package 'grr_test' build argument 'cmake_args' from command line to 'None'
[0.558s] Level 5:colcon.colcon_core.verb:set package 'grr_test' build argument 'cmake_target' from command line to 'None'
[0.558s] Level 5:colcon.colcon_core.verb:set package 'grr_test' build argument 'cmake_target_skip_unavailable' from command line to 'False'
[0.558s] Level 5:colcon.colcon_core.verb:set package 'grr_test' build argument 'cmake_clean_cache' from command line to 'False'
[0.558s] Level 5:colcon.colcon_core.verb:set package 'grr_test' build argument 'cmake_clean_first' from command line to 'False'
[0.558s] Level 5:colcon.colcon_core.verb:set package 'grr_test' build argument 'cmake_force_configure' from command line to 'False'
[0.558s] Level 5:colcon.colcon_core.verb:set package 'grr_test' build argument 'ament_cmake_args' from command line to 'None'
[0.558s] Level 5:colcon.colcon_core.verb:set package 'grr_test' build argument 'catkin_cmake_args' from command line to 'None'
[0.558s] Level 5:colcon.colcon_core.verb:set package 'grr_test' build argument 'catkin_skip_building_tests' from command line to 'False'
[0.558s] DEBUG:colcon.colcon_core.verb:Building package 'grr_test' with the following arguments: {'ament_cmake_args': None, 'build_base': '/ros2_ws/jazzy_ws/build/grr_test', 'catkin_cmake_args': None, 'catkin_skip_building_tests': False, 'cmake_args': None, 'cmake_clean_cache': False, 'cmake_clean_first': False, 'cmake_force_configure': False, 'cmake_target': None, 'cmake_target_skip_unavailable': False, 'install_base': '/ros2_ws/jazzy_ws/install/grr_test', 'merge_install': False, 'path': '/ros2_ws/jazzy_ws/src/grr_test', 'symlink_install': True, 'test_result_base': None}
[0.559s] Level 5:colcon.colcon_core.verb:set package 'grr_description' build argument 'cmake_args' from command line to 'None'
[0.559s] Level 5:colcon.colcon_core.verb:set package 'grr_description' build argument 'cmake_target' from command line to 'None'
[0.559s] Level 5:colcon.colcon_core.verb:set package 'grr_description' build argument 'cmake_target_skip_unavailable' from command line to 'False'
[0.559s] Level 5:colcon.colcon_core.verb:set package 'grr_description' build argument 'cmake_clean_cache' from command line to 'False'
[0.559s] Level 5:colcon.colcon_core.verb:set package 'grr_description' build argument 'cmake_clean_first' from command line to 'False'
[0.559s] Level 5:colcon.colcon_core.verb:set package 'grr_description' build argument 'cmake_force_configure' from command line to 'False'
[0.559s] Level 5:colcon.colcon_core.verb:set package 'grr_description' build argument 'ament_cmake_args' from command line to 'None'
[0.559s] Level 5:colcon.colcon_core.verb:set package 'grr_description' build argument 'catkin_cmake_args' from command line to 'None'
[0.559s] Level 5:colcon.colcon_core.verb:set package 'grr_description' build argument 'catkin_skip_building_tests' from command line to 'False'
[0.559s] DEBUG:colcon.colcon_core.verb:Building package 'grr_description' with the following arguments: {'ament_cmake_args': None, 'build_base': '/ros2_ws/jazzy_ws/build/grr_description', 'catkin_cmake_args': None, 'catkin_skip_building_tests': False, 'cmake_args': None, 'cmake_clean_cache': False, 'cmake_clean_first': False, 'cmake_force_configure': False, 'cmake_target': None, 'cmake_target_skip_unavailable': False, 'install_base': '/ros2_ws/jazzy_ws/install/grr_description', 'merge_install': False, 'path': '/ros2_ws/jazzy_ws/src/grr_description', 'symlink_install': True, 'test_result_base': None}
[0.560s] INFO:colcon.colcon_core.executor:Executing jobs using 'parallel' executor
[0.562s] DEBUG:colcon.colcon_parallel_executor.executor.parallel:run_until_complete
[0.562s] INFO:colcon.colcon_ros.task.ament_cmake.build:Building ROS package in '/ros2_ws/jazzy_ws/src/grr_hardware' with build type 'ament_cmake'
[0.563s] INFO:colcon.colcon_cmake.task.cmake.build:Building CMake package in '/ros2_ws/jazzy_ws/src/grr_hardware'
[0.570s] INFO:colcon.colcon_core.plugin_system:Skipping extension 'colcon_core.shell.bat': Not used on non-Windows systems
[0.570s] INFO:colcon.colcon_core.shell:Skip shell extension 'powershell' for command environment: Not usable outside of PowerShell
[0.570s] DEBUG:colcon.colcon_core.shell:Skip shell extension 'dsv' for command environment
[0.580s] INFO:colcon.colcon_ros.task.ament_cmake.build:Building ROS package in '/ros2_ws/jazzy_ws/src/grr_bringup' with build type 'ament_cmake'
[0.580s] INFO:colcon.colcon_cmake.task.cmake.build:Building CMake package in '/ros2_ws/jazzy_ws/src/grr_bringup'
[0.581s] INFO:colcon.colcon_core.shell:Skip shell extension 'powershell' for command environment: Not usable outside of PowerShell
[0.581s] DEBUG:colcon.colcon_core.shell:Skip shell extension 'dsv' for command environment
[0.587s] INFO:colcon.colcon_ros.task.ament_cmake.build:Building ROS package in '/ros2_ws/jazzy_ws/src/grr_cmake_controller' with build type 'ament_cmake'
[0.587s] INFO:colcon.colcon_cmake.task.cmake.build:Building CMake package in '/ros2_ws/jazzy_ws/src/grr_cmake_controller'
[0.587s] INFO:colcon.colcon_core.shell:Skip shell extension 'powershell' for command environment: Not usable outside of PowerShell
[0.588s] DEBUG:colcon.colcon_core.shell:Skip shell extension 'dsv' for command environment
[0.593s] INFO:colcon.colcon_ros.task.ament_python.build:Building ROS package in '/ros2_ws/jazzy_ws/src/grr_test' with build type 'ament_python'
[0.594s] Level 1:colcon.colcon_core.shell:create_environment_hook('grr_test', 'ament_prefix_path')
[0.594s] INFO:colcon.colcon_core.shell:Creating environment hook '/ros2_ws/jazzy_ws/install/grr_test/share/grr_test/hook/ament_prefix_path.ps1'
[0.596s] INFO:colcon.colcon_core.shell:Creating environment descriptor '/ros2_ws/jazzy_ws/install/grr_test/share/grr_test/hook/ament_prefix_path.dsv'
[0.597s] INFO:colcon.colcon_core.shell:Creating environment hook '/ros2_ws/jazzy_ws/install/grr_test/share/grr_test/hook/ament_prefix_path.sh'
[0.598s] INFO:colcon.colcon_core.shell:Skip shell extension 'powershell' for command environment: Not usable outside of PowerShell
[0.599s] DEBUG:colcon.colcon_core.shell:Skip shell extension 'dsv' for command environment
[0.609s] DEBUG:colcon.colcon_core.event_handler.log_command:Invoking command in '/ros2_ws/jazzy_ws/build/grr_hardware': CMAKE_PREFIX_PATH=/opt/ros/jazzy /usr/bin/cmake /ros2_ws/jazzy_ws/src/grr_hardware -DAMENT_CMAKE_SYMLINK_INSTALL=1 -DCMAKE_INSTALL_PREFIX=/ros2_ws/jazzy_ws/install/grr_hardware
[0.616s] DEBUG:colcon.colcon_core.event_handler.log_command:Invoking command in '/ros2_ws/jazzy_ws/build/grr_bringup': CMAKE_PREFIX_PATH=/opt/ros/jazzy /usr/bin/cmake /ros2_ws/jazzy_ws/src/grr_bringup -DAMENT_CMAKE_SYMLINK_INSTALL=1 -DCMAKE_INSTALL_PREFIX=/ros2_ws/jazzy_ws/install/grr_bringup
[0.620s] DEBUG:colcon.colcon_core.event_handler.log_command:Invoking command in '/ros2_ws/jazzy_ws/build/grr_cmake_controller': CMAKE_PREFIX_PATH=/opt/ros/jazzy /usr/bin/cmake /ros2_ws/jazzy_ws/src/grr_cmake_controller -DAMENT_CMAKE_SYMLINK_INSTALL=1 -DCMAKE_INSTALL_PREFIX=/ros2_ws/jazzy_ws/install/grr_cmake_controller
[1.158s] INFO:colcon.colcon_core.task.python.build:Building Python package in '/ros2_ws/jazzy_ws/src/grr_test'
[1.159s] INFO:colcon.colcon_core.shell:Skip shell extension 'powershell' for command environment: Not usable outside of PowerShell
[1.159s] DEBUG:colcon.colcon_core.shell:Skip shell extension 'dsv' for command environment
[2.448s] DEBUG:colcon.colcon_core.event_handler.log_command:Invoked command in '/ros2_ws/jazzy_ws/build/grr_bringup' returned '0': CMAKE_PREFIX_PATH=/opt/ros/jazzy /usr/bin/cmake /ros2_ws/jazzy_ws/src/grr_bringup -DAMENT_CMAKE_SYMLINK_INSTALL=1 -DCMAKE_INSTALL_PREFIX=/ros2_ws/jazzy_ws/install/grr_bringup
[2.451s] DEBUG:colcon.colcon_core.event_handler.log_command:Invoking command in '/ros2_ws/jazzy_ws/build/grr_bringup': CMAKE_PREFIX_PATH=/opt/ros/jazzy /usr/bin/cmake --build /ros2_ws/jazzy_ws/build/grr_bringup -- -j4 -l4
[2.536s] DEBUG:colcon.colcon_core.event_handler.log_command:Invoked command in '/ros2_ws/jazzy_ws/build/grr_bringup' returned '0': CMAKE_PREFIX_PATH=/opt/ros/jazzy /usr/bin/cmake --build /ros2_ws/jazzy_ws/build/grr_bringup -- -j4 -l4
[2.557s] DEBUG:colcon.colcon_core.event_handler.log_command:Invoking command in '/ros2_ws/jazzy_ws/build/grr_bringup': CMAKE_PREFIX_PATH=/opt/ros/jazzy /usr/bin/cmake --install /ros2_ws/jazzy_ws/build/grr_bringup
[2.598s] DEBUG:colcon.colcon_core.event_handler.log_command:Invoking command in '/ros2_ws/jazzy_ws/build/grr_test': PYTHONPATH=/ros2_ws/jazzy_ws/build/grr_test/prefix_override:/usr/lib/python3/dist-packages/colcon_core/task/python/colcon_distutils_commands:/ros2_ws/jazzy_ws/install/grr_test/lib/python3.12/site-packages:${PYTHONPATH} /usr/bin/python3 -W ignore:setup.py install is deprecated -W ignore:easy_install command is deprecated setup.py develop --editable --build-directory /ros2_ws/jazzy_ws/build/grr_test/build --no-deps symlink_data
[3.047s] Level 1:colcon.colcon_core.environment:create_environment_scripts_only(grr_bringup)
[3.048s] DEBUG:colcon.colcon_core.event_handler.log_command:Invoked command in '/ros2_ws/jazzy_ws/build/grr_bringup' returned '0': CMAKE_PREFIX_PATH=/opt/ros/jazzy /usr/bin/cmake --install /ros2_ws/jazzy_ws/build/grr_bringup
[3.058s] Level 1:colcon.colcon_core.environment:checking '/ros2_ws/jazzy_ws/install/grr_bringup' for CMake module files
[3.059s] Level 1:colcon.colcon_core.environment:checking '/ros2_ws/jazzy_ws/install/grr_bringup' for CMake config files
[3.060s] Level 1:colcon.colcon_core.shell:create_environment_hook('grr_bringup', 'cmake_prefix_path')
[3.060s] INFO:colcon.colcon_core.shell:Creating environment hook '/ros2_ws/jazzy_ws/install/grr_bringup/share/grr_bringup/hook/cmake_prefix_path.ps1'
[3.061s] INFO:colcon.colcon_core.shell:Creating environment descriptor '/ros2_ws/jazzy_ws/install/grr_bringup/share/grr_bringup/hook/cmake_prefix_path.dsv'
[3.062s] INFO:colcon.colcon_core.shell:Creating environment hook '/ros2_ws/jazzy_ws/install/grr_bringup/share/grr_bringup/hook/cmake_prefix_path.sh'
[3.064s] Level 1:colcon.colcon_core.environment:checking '/ros2_ws/jazzy_ws/install/grr_bringup/bin'
[3.064s] Level 1:colcon.colcon_core.environment:checking '/ros2_ws/jazzy_ws/install/grr_bringup/lib/pkgconfig/grr_bringup.pc'
[3.064s] Level 1:colcon.colcon_core.environment:checking '/ros2_ws/jazzy_ws/install/grr_bringup/lib/python3.12/site-packages'
[3.065s] Level 1:colcon.colcon_core.environment:checking '/ros2_ws/jazzy_ws/install/grr_bringup/bin'
[3.066s] INFO:colcon.colcon_core.shell:Creating package script '/ros2_ws/jazzy_ws/install/grr_bringup/share/grr_bringup/package.ps1'
[3.068s] INFO:colcon.colcon_core.shell:Creating package descriptor '/ros2_ws/jazzy_ws/install/grr_bringup/share/grr_bringup/package.dsv'
[3.073s] INFO:colcon.colcon_core.shell:Creating package script '/ros2_ws/jazzy_ws/install/grr_bringup/share/grr_bringup/package.sh'
[3.077s] INFO:colcon.colcon_core.shell:Creating package script '/ros2_ws/jazzy_ws/install/grr_bringup/share/grr_bringup/package.bash'
[3.079s] INFO:colcon.colcon_core.shell:Creating package script '/ros2_ws/jazzy_ws/install/grr_bringup/share/grr_bringup/package.zsh'
[3.080s] Level 1:colcon.colcon_core.environment:create_file_with_runtime_dependencies(/ros2_ws/jazzy_ws/install/grr_bringup/share/colcon-core/packages/grr_bringup)
[3.082s] Level 1:colcon.colcon_core.environment:create_environment_scripts_only(grr_bringup)
[3.082s] Level 1:colcon.colcon_core.environment:checking '/ros2_ws/jazzy_ws/install/grr_bringup' for CMake module files
[3.083s] Level 1:colcon.colcon_core.environment:checking '/ros2_ws/jazzy_ws/install/grr_bringup' for CMake config files
[3.084s] Level 1:colcon.colcon_core.shell:create_environment_hook('grr_bringup', 'cmake_prefix_path')
[3.085s] INFO:colcon.colcon_core.shell:Creating environment hook '/ros2_ws/jazzy_ws/install/grr_bringup/share/grr_bringup/hook/cmake_prefix_path.ps1'
[3.086s] INFO:colcon.colcon_core.shell:Creating environment descriptor '/ros2_ws/jazzy_ws/install/grr_bringup/share/grr_bringup/hook/cmake_prefix_path.dsv'
[3.086s] INFO:colcon.colcon_core.shell:Creating environment hook '/ros2_ws/jazzy_ws/install/grr_bringup/share/grr_bringup/hook/cmake_prefix_path.sh'
[3.088s] Level 1:colcon.colcon_core.environment:checking '/ros2_ws/jazzy_ws/install/grr_bringup/bin'
[3.088s] Level 1:colcon.colcon_core.environment:checking '/ros2_ws/jazzy_ws/install/grr_bringup/lib/pkgconfig/grr_bringup.pc'
[3.089s] Level 1:colcon.colcon_core.environment:checking '/ros2_ws/jazzy_ws/install/grr_bringup/lib/python3.12/site-packages'
[3.090s] Level 1:colcon.colcon_core.environment:checking '/ros2_ws/jazzy_ws/install/grr_bringup/bin'
[3.090s] INFO:colcon.colcon_core.shell:Creating package script '/ros2_ws/jazzy_ws/install/grr_bringup/share/grr_bringup/package.ps1'
[3.091s] INFO:colcon.colcon_core.shell:Creating package descriptor '/ros2_ws/jazzy_ws/install/grr_bringup/share/grr_bringup/package.dsv'
[3.093s] INFO:colcon.colcon_core.shell:Creating package script '/ros2_ws/jazzy_ws/install/grr_bringup/share/grr_bringup/package.sh'
[3.094s] INFO:colcon.colcon_core.shell:Creating package script '/ros2_ws/jazzy_ws/install/grr_bringup/share/grr_bringup/package.bash'
[3.095s] INFO:colcon.colcon_core.shell:Creating package script '/ros2_ws/jazzy_ws/install/grr_bringup/share/grr_bringup/package.zsh'
[3.096s] Level 1:colcon.colcon_core.environment:create_file_with_runtime_dependencies(/ros2_ws/jazzy_ws/install/grr_bringup/share/colcon-core/packages/grr_bringup)
[3.926s] Level 1:colcon.colcon_core.shell:create_environment_hook('grr_test', 'pythonpath_develop')
[3.927s] INFO:colcon.colcon_core.shell:Creating environment hook '/ros2_ws/jazzy_ws/build/grr_test/share/grr_test/hook/pythonpath_develop.ps1'
[3.928s] DEBUG:colcon.colcon_core.event_handler.log_command:Invoked command in '/ros2_ws/jazzy_ws/build/grr_test' returned '0': PYTHONPATH=/ros2_ws/jazzy_ws/build/grr_test/prefix_override:/usr/lib/python3/dist-packages/colcon_core/task/python/colcon_distutils_commands:/ros2_ws/jazzy_ws/install/grr_test/lib/python3.12/site-packages:${PYTHONPATH} /usr/bin/python3 -W ignore:setup.py install is deprecated -W ignore:easy_install command is deprecated setup.py develop --editable --build-directory /ros2_ws/jazzy_ws/build/grr_test/build --no-deps symlink_data
[3.929s] INFO:colcon.colcon_core.shell:Creating environment descriptor '/ros2_ws/jazzy_ws/build/grr_test/share/grr_test/hook/pythonpath_develop.dsv'
[3.930s] INFO:colcon.colcon_core.shell:Creating environment hook '/ros2_ws/jazzy_ws/build/grr_test/share/grr_test/hook/pythonpath_develop.sh'
[3.931s] Level 1:colcon.colcon_core.environment:checking '/ros2_ws/jazzy_ws/install/grr_test' for CMake module files
[3.932s] Level 1:colcon.colcon_core.environment:checking '/ros2_ws/jazzy_ws/install/grr_test' for CMake config files
[3.933s] Level 1:colcon.colcon_core.environment:checking '/ros2_ws/jazzy_ws/install/grr_test/lib'
[3.933s] Level 1:colcon.colcon_core.environment:checking '/ros2_ws/jazzy_ws/install/grr_test/bin'
[3.934s] Level 1:colcon.colcon_core.environment:checking '/ros2_ws/jazzy_ws/install/grr_test/lib/pkgconfig/grr_test.pc'
[3.934s] Level 1:colcon.colcon_core.environment:checking '/ros2_ws/jazzy_ws/install/grr_test/lib/python3.12/site-packages'
[3.935s] Level 1:colcon.colcon_core.shell:create_environment_hook('grr_test', 'pythonpath')
[3.935s] INFO:colcon.colcon_core.shell:Creating environment hook '/ros2_ws/jazzy_ws/install/grr_test/share/grr_test/hook/pythonpath.ps1'
[3.937s] INFO:colcon.colcon_core.shell:Creating environment descriptor '/ros2_ws/jazzy_ws/install/grr_test/share/grr_test/hook/pythonpath.dsv'
[3.937s] INFO:colcon.colcon_core.shell:Creating environment hook '/ros2_ws/jazzy_ws/install/grr_test/share/grr_test/hook/pythonpath.sh'
[3.939s] Level 1:colcon.colcon_core.environment:checking '/ros2_ws/jazzy_ws/install/grr_test/bin'
[3.939s] Level 1:colcon.colcon_core.environment:create_environment_scripts_only(grr_test)
[3.940s] INFO:colcon.colcon_core.shell:Creating package script '/ros2_ws/jazzy_ws/install/grr_test/share/grr_test/package.ps1'
[3.941s] INFO:colcon.colcon_core.shell:Creating package descriptor '/ros2_ws/jazzy_ws/install/grr_test/share/grr_test/package.dsv'
[3.942s] INFO:colcon.colcon_core.shell:Creating package script '/ros2_ws/jazzy_ws/install/grr_test/share/grr_test/package.sh'
[3.943s] INFO:colcon.colcon_core.shell:Creating package script '/ros2_ws/jazzy_ws/install/grr_test/share/grr_test/package.bash'
[3.944s] INFO:colcon.colcon_core.shell:Creating package script '/ros2_ws/jazzy_ws/install/grr_test/share/grr_test/package.zsh'
[3.945s] Level 1:colcon.colcon_core.environment:create_file_with_runtime_dependencies(/ros2_ws/jazzy_ws/install/grr_test/share/colcon-core/packages/grr_test)
[4.238s] DEBUG:colcon.colcon_core.event_handler.log_command:Invoked command in '/ros2_ws/jazzy_ws/build/grr_hardware' returned '0': CMAKE_PREFIX_PATH=/opt/ros/jazzy /usr/bin/cmake /ros2_ws/jazzy_ws/src/grr_hardware -DAMENT_CMAKE_SYMLINK_INSTALL=1 -DCMAKE_INSTALL_PREFIX=/ros2_ws/jazzy_ws/install/grr_hardware
[4.240s] DEBUG:colcon.colcon_core.event_handler.log_command:Invoking command in '/ros2_ws/jazzy_ws/build/grr_hardware': CMAKE_PREFIX_PATH=/opt/ros/jazzy /usr/bin/cmake --build /ros2_ws/jazzy_ws/build/grr_hardware -- -j4 -l4
[4.354s] DEBUG:colcon.colcon_core.event_handler.log_command:Invoked command in '/ros2_ws/jazzy_ws/build/grr_cmake_controller' returned '0': CMAKE_PREFIX_PATH=/opt/ros/jazzy /usr/bin/cmake /ros2_ws/jazzy_ws/src/grr_cmake_controller -DAMENT_CMAKE_SYMLINK_INSTALL=1 -DCMAKE_INSTALL_PREFIX=/ros2_ws/jazzy_ws/install/grr_cmake_controller
[4.355s] DEBUG:colcon.colcon_core.event_handler.log_command:Invoking command in '/ros2_ws/jazzy_ws/build/grr_cmake_controller': CMAKE_PREFIX_PATH=/opt/ros/jazzy /usr/bin/cmake --build /ros2_ws/jazzy_ws/build/grr_cmake_controller -- -j4 -l4
[32.590s] DEBUG:colcon.colcon_core.event_handler.log_command:Invoked command in '/ros2_ws/jazzy_ws/build/grr_hardware' returned '0': CMAKE_PREFIX_PATH=/opt/ros/jazzy /usr/bin/cmake --build /ros2_ws/jazzy_ws/build/grr_hardware -- -j4 -l4
[32.592s] DEBUG:colcon.colcon_core.event_handler.log_command:Invoking command in '/ros2_ws/jazzy_ws/build/grr_hardware': CMAKE_PREFIX_PATH=/opt/ros/jazzy /usr/bin/cmake --install /ros2_ws/jazzy_ws/build/grr_hardware
[33.080s] Level 1:colcon.colcon_core.environment:create_environment_scripts_only(grr_hardware)
[33.081s] Level 1:colcon.colcon_core.environment:checking '/ros2_ws/jazzy_ws/install/grr_hardware' for CMake module files
[33.081s] DEBUG:colcon.colcon_core.event_handler.log_command:Invoked command in '/ros2_ws/jazzy_ws/build/grr_hardware' returned '0': CMAKE_PREFIX_PATH=/opt/ros/jazzy /usr/bin/cmake --install /ros2_ws/jazzy_ws/build/grr_hardware
[33.083s] Level 1:colcon.colcon_core.environment:checking '/ros2_ws/jazzy_ws/install/grr_hardware' for CMake config files
[33.083s] Level 1:colcon.colcon_core.shell:create_environment_hook('grr_hardware', 'cmake_prefix_path')
[33.084s] INFO:colcon.colcon_core.shell:Creating environment hook '/ros2_ws/jazzy_ws/install/grr_hardware/share/grr_hardware/hook/cmake_prefix_path.ps1'
[33.085s] INFO:colcon.colcon_core.shell:Creating environment descriptor '/ros2_ws/jazzy_ws/install/grr_hardware/share/grr_hardware/hook/cmake_prefix_path.dsv'
[33.086s] INFO:colcon.colcon_core.shell:Creating environment hook '/ros2_ws/jazzy_ws/install/grr_hardware/share/grr_hardware/hook/cmake_prefix_path.sh'
[33.087s] Level 1:colcon.colcon_core.environment:checking '/ros2_ws/jazzy_ws/install/grr_hardware/lib'
[33.087s] Level 1:colcon.colcon_core.shell:create_environment_hook('grr_hardware', 'ld_library_path_lib')
[33.087s] INFO:colcon.colcon_core.shell:Creating environment hook '/ros2_ws/jazzy_ws/install/grr_hardware/share/grr_hardware/hook/ld_library_path_lib.ps1'
[33.088s] INFO:colcon.colcon_core.shell:Creating environment descriptor '/ros2_ws/jazzy_ws/install/grr_hardware/share/grr_hardware/hook/ld_library_path_lib.dsv'
[33.089s] INFO:colcon.colcon_core.shell:Creating environment hook '/ros2_ws/jazzy_ws/install/grr_hardware/share/grr_hardware/hook/ld_library_path_lib.sh'
[33.090s] Level 1:colcon.colcon_core.environment:checking '/ros2_ws/jazzy_ws/install/grr_hardware/bin'
[33.090s] Level 1:colcon.colcon_core.environment:checking '/ros2_ws/jazzy_ws/install/grr_hardware/lib/pkgconfig/grr_hardware.pc'
[33.091s] Level 1:colcon.colcon_core.environment:checking '/ros2_ws/jazzy_ws/install/grr_hardware/lib/python3.12/site-packages'
[33.092s] Level 1:colcon.colcon_core.environment:checking '/ros2_ws/jazzy_ws/install/grr_hardware/bin'
[33.092s] INFO:colcon.colcon_core.shell:Creating package script '/ros2_ws/jazzy_ws/install/grr_hardware/share/grr_hardware/package.ps1'
[33.093s] INFO:colcon.colcon_core.shell:Creating package descriptor '/ros2_ws/jazzy_ws/install/grr_hardware/share/grr_hardware/package.dsv'
[33.094s] INFO:colcon.colcon_core.shell:Creating package script '/ros2_ws/jazzy_ws/install/grr_hardware/share/grr_hardware/package.sh'
[33.095s] INFO:colcon.colcon_core.shell:Creating package script '/ros2_ws/jazzy_ws/install/grr_hardware/share/grr_hardware/package.bash'
[33.096s] INFO:colcon.colcon_core.shell:Creating package script '/ros2_ws/jazzy_ws/install/grr_hardware/share/grr_hardware/package.zsh'
[33.097s] Level 1:colcon.colcon_core.environment:create_file_with_runtime_dependencies(/ros2_ws/jazzy_ws/install/grr_hardware/share/colcon-core/packages/grr_hardware)
[33.098s] Level 1:colcon.colcon_core.environment:create_environment_scripts_only(grr_hardware)
[33.099s] Level 1:colcon.colcon_core.environment:checking '/ros2_ws/jazzy_ws/install/grr_hardware' for CMake module files
[33.100s] Level 1:colcon.colcon_core.environment:checking '/ros2_ws/jazzy_ws/install/grr_hardware' for CMake config files
[33.100s] Level 1:colcon.colcon_core.shell:create_environment_hook('grr_hardware', 'cmake_prefix_path')
[33.101s] INFO:colcon.colcon_core.shell:Creating environment hook '/ros2_ws/jazzy_ws/install/grr_hardware/share/grr_hardware/hook/cmake_prefix_path.ps1'
[33.102s] INFO:colcon.colcon_core.shell:Creating environment descriptor '/ros2_ws/jazzy_ws/install/grr_hardware/share/grr_hardware/hook/cmake_prefix_path.dsv'
[33.102s] INFO:colcon.colcon_core.shell:Creating environment hook '/ros2_ws/jazzy_ws/install/grr_hardware/share/grr_hardware/hook/cmake_prefix_path.sh'
[33.104s] Level 1:colcon.colcon_core.environment:checking '/ros2_ws/jazzy_ws/install/grr_hardware/lib'
[33.104s] Level 1:colcon.colcon_core.shell:create_environment_hook('grr_hardware', 'ld_library_path_lib')
[33.104s] INFO:colcon.colcon_core.shell:Creating environment hook '/ros2_ws/jazzy_ws/install/grr_hardware/share/grr_hardware/hook/ld_library_path_lib.ps1'
[33.105s] INFO:colcon.colcon_core.shell:Creating environment descriptor '/ros2_ws/jazzy_ws/install/grr_hardware/share/grr_hardware/hook/ld_library_path_lib.dsv'
[33.106s] INFO:colcon.colcon_core.shell:Creating environment hook '/ros2_ws/jazzy_ws/install/grr_hardware/share/grr_hardware/hook/ld_library_path_lib.sh'
[33.107s] Level 1:colcon.colcon_core.environment:checking '/ros2_ws/jazzy_ws/install/grr_hardware/bin'
[33.107s] Level 1:colcon.colcon_core.environment:checking '/ros2_ws/jazzy_ws/install/grr_hardware/lib/pkgconfig/grr_hardware.pc'
[33.107s] Level 1:colcon.colcon_core.environment:checking '/ros2_ws/jazzy_ws/install/grr_hardware/lib/python3.12/site-packages'
[33.108s] Level 1:colcon.colcon_core.environment:checking '/ros2_ws/jazzy_ws/install/grr_hardware/bin'
[33.109s] INFO:colcon.colcon_core.shell:Creating package script '/ros2_ws/jazzy_ws/install/grr_hardware/share/grr_hardware/package.ps1'
[33.110s] INFO:colcon.colcon_core.shell:Creating package descriptor '/ros2_ws/jazzy_ws/install/grr_hardware/share/grr_hardware/package.dsv'
[33.111s] INFO:colcon.colcon_core.shell:Creating package script '/ros2_ws/jazzy_ws/install/grr_hardware/share/grr_hardware/package.sh'
[33.112s] INFO:colcon.colcon_core.shell:Creating package script '/ros2_ws/jazzy_ws/install/grr_hardware/share/grr_hardware/package.bash'
[33.113s] INFO:colcon.colcon_core.shell:Creating package script '/ros2_ws/jazzy_ws/install/grr_hardware/share/grr_hardware/package.zsh'
[33.114s] Level 1:colcon.colcon_core.environment:create_file_with_runtime_dependencies(/ros2_ws/jazzy_ws/install/grr_hardware/share/colcon-core/packages/grr_hardware)
[33.115s] INFO:colcon.colcon_ros.task.ament_cmake.build:Building ROS package in '/ros2_ws/jazzy_ws/src/grr_description' with build type 'ament_cmake'
[33.115s] INFO:colcon.colcon_cmake.task.cmake.build:Building CMake package in '/ros2_ws/jazzy_ws/src/grr_description'
[33.115s] INFO:colcon.colcon_core.shell:Skip shell extension 'powershell' for command environment: Not usable outside of PowerShell
[33.116s] DEBUG:colcon.colcon_core.shell:Skip shell extension 'dsv' for command environment
[33.134s] DEBUG:colcon.colcon_core.event_handler.log_command:Invoking command in '/ros2_ws/jazzy_ws/build/grr_description': AMENT_PREFIX_PATH=/ros2_ws/jazzy_ws/install/grr_hardware:${AMENT_PREFIX_PATH} CMAKE_PREFIX_PATH=/ros2_ws/jazzy_ws/install/grr_hardware:/opt/ros/jazzy LD_LIBRARY_PATH=/ros2_ws/jazzy_ws/install/grr_hardware/lib:${LD_LIBRARY_PATH} /usr/bin/cmake /ros2_ws/jazzy_ws/src/grr_description -DAMENT_CMAKE_SYMLINK_INSTALL=1 -DCMAKE_INSTALL_PREFIX=/ros2_ws/jazzy_ws/install/grr_description
[34.656s] DEBUG:colcon.colcon_core.event_handler.log_command:Invoked command in '/ros2_ws/jazzy_ws/build/grr_description' returned '0': AMENT_PREFIX_PATH=/ros2_ws/jazzy_ws/install/grr_hardware:${AMENT_PREFIX_PATH} CMAKE_PREFIX_PATH=/ros2_ws/jazzy_ws/install/grr_hardware:/opt/ros/jazzy LD_LIBRARY_PATH=/ros2_ws/jazzy_ws/install/grr_hardware/lib:${LD_LIBRARY_PATH} /usr/bin/cmake /ros2_ws/jazzy_ws/src/grr_description -DAMENT_CMAKE_SYMLINK_INSTALL=1 -DCMAKE_INSTALL_PREFIX=/ros2_ws/jazzy_ws/install/grr_description
[34.658s] DEBUG:colcon.colcon_core.event_handler.log_command:Invoking command in '/ros2_ws/jazzy_ws/build/grr_description': AMENT_PREFIX_PATH=/ros2_ws/jazzy_ws/install/grr_hardware:${AMENT_PREFIX_PATH} CMAKE_PREFIX_PATH=/ros2_ws/jazzy_ws/install/grr_hardware:/opt/ros/jazzy LD_LIBRARY_PATH=/ros2_ws/jazzy_ws/install/grr_hardware/lib:${LD_LIBRARY_PATH} /usr/bin/cmake --build /ros2_ws/jazzy_ws/build/grr_description -- -j4 -l4
[34.736s] DEBUG:colcon.colcon_core.event_handler.log_command:Invoked command in '/ros2_ws/jazzy_ws/build/grr_description' returned '0': AMENT_PREFIX_PATH=/ros2_ws/jazzy_ws/install/grr_hardware:${AMENT_PREFIX_PATH} CMAKE_PREFIX_PATH=/ros2_ws/jazzy_ws/install/grr_hardware:/opt/ros/jazzy LD_LIBRARY_PATH=/ros2_ws/jazzy_ws/install/grr_hardware/lib:${LD_LIBRARY_PATH} /usr/bin/cmake --build /ros2_ws/jazzy_ws/build/grr_description -- -j4 -l4
[34.738s] DEBUG:colcon.colcon_core.event_handler.log_command:Invoking command in '/ros2_ws/jazzy_ws/build/grr_description': AMENT_PREFIX_PATH=/ros2_ws/jazzy_ws/install/grr_hardware:${AMENT_PREFIX_PATH} CMAKE_PREFIX_PATH=/ros2_ws/jazzy_ws/install/grr_hardware:/opt/ros/jazzy LD_LIBRARY_PATH=/ros2_ws/jazzy_ws/install/grr_hardware/lib:${LD_LIBRARY_PATH} /usr/bin/cmake --install /ros2_ws/jazzy_ws/build/grr_description
[35.628s] Level 1:colcon.colcon_core.environment:create_environment_scripts_only(grr_description)
[35.628s] Level 1:colcon.colcon_core.environment:checking '/ros2_ws/jazzy_ws/install/grr_description' for CMake module files
[35.629s] DEBUG:colcon.colcon_core.event_handler.log_command:Invoked command in '/ros2_ws/jazzy_ws/build/grr_description' returned '0': AMENT_PREFIX_PATH=/ros2_ws/jazzy_ws/install/grr_hardware:${AMENT_PREFIX_PATH} CMAKE_PREFIX_PATH=/ros2_ws/jazzy_ws/install/grr_hardware:/opt/ros/jazzy LD_LIBRARY_PATH=/ros2_ws/jazzy_ws/install/grr_hardware/lib:${LD_LIBRARY_PATH} /usr/bin/cmake --install /ros2_ws/jazzy_ws/build/grr_description
[35.630s] Level 1:colcon.colcon_core.environment:checking '/ros2_ws/jazzy_ws/install/grr_description' for CMake config files
[35.631s] Level 1:colcon.colcon_core.shell:create_environment_hook('grr_description', 'cmake_prefix_path')
[35.632s] INFO:colcon.colcon_core.shell:Creating environment hook '/ros2_ws/jazzy_ws/install/grr_description/share/grr_description/hook/cmake_prefix_path.ps1'
[35.633s] INFO:colcon.colcon_core.shell:Creating environment descriptor '/ros2_ws/jazzy_ws/install/grr_description/share/grr_description/hook/cmake_prefix_path.dsv'
[35.634s] INFO:colcon.colcon_core.shell:Creating environment hook '/ros2_ws/jazzy_ws/install/grr_description/share/grr_description/hook/cmake_prefix_path.sh'
[35.635s] Level 1:colcon.colcon_core.environment:checking '/ros2_ws/jazzy_ws/install/grr_description/bin'
[35.635s] Level 1:colcon.colcon_core.environment:checking '/ros2_ws/jazzy_ws/install/grr_description/lib/pkgconfig/grr_description.pc'
[35.636s] Level 1:colcon.colcon_core.environment:checking '/ros2_ws/jazzy_ws/install/grr_description/lib/python3.12/site-packages'
[35.637s] Level 1:colcon.colcon_core.environment:checking '/ros2_ws/jazzy_ws/install/grr_description/bin'
[35.637s] INFO:colcon.colcon_core.shell:Creating package script '/ros2_ws/jazzy_ws/install/grr_description/share/grr_description/package.ps1'
[35.638s] INFO:colcon.colcon_core.shell:Creating package descriptor '/ros2_ws/jazzy_ws/install/grr_description/share/grr_description/package.dsv'
[35.639s] INFO:colcon.colcon_core.shell:Creating package script '/ros2_ws/jazzy_ws/install/grr_description/share/grr_description/package.sh'
[35.640s] INFO:colcon.colcon_core.shell:Creating package script '/ros2_ws/jazzy_ws/install/grr_description/share/grr_description/package.bash'
[35.641s] INFO:colcon.colcon_core.shell:Creating package script '/ros2_ws/jazzy_ws/install/grr_description/share/grr_description/package.zsh'
[35.641s] Level 1:colcon.colcon_core.environment:create_file_with_runtime_dependencies(/ros2_ws/jazzy_ws/install/grr_description/share/colcon-core/packages/grr_description)
[35.642s] Level 1:colcon.colcon_core.environment:create_environment_scripts_only(grr_description)
[35.643s] Level 1:colcon.colcon_core.environment:checking '/ros2_ws/jazzy_ws/install/grr_description' for CMake module files
[35.644s] Level 1:colcon.colcon_core.environment:checking '/ros2_ws/jazzy_ws/install/grr_description' for CMake config files
[35.645s] Level 1:colcon.colcon_core.shell:create_environment_hook('grr_description', 'cmake_prefix_path')
[35.646s] INFO:colcon.colcon_core.shell:Creating environment hook '/ros2_ws/jazzy_ws/install/grr_description/share/grr_description/hook/cmake_prefix_path.ps1'
[35.646s] INFO:colcon.colcon_core.shell:Creating environment descriptor '/ros2_ws/jazzy_ws/install/grr_description/share/grr_description/hook/cmake_prefix_path.dsv'
[35.647s] INFO:colcon.colcon_core.shell:Creating environment hook '/ros2_ws/jazzy_ws/install/grr_description/share/grr_description/hook/cmake_prefix_path.sh'
[35.648s] Level 1:colcon.colcon_core.environment:checking '/ros2_ws/jazzy_ws/install/grr_description/bin'
[35.649s] Level 1:colcon.colcon_core.environment:checking '/ros2_ws/jazzy_ws/install/grr_description/lib/pkgconfig/grr_description.pc'
[35.649s] Level 1:colcon.colcon_core.environment:checking '/ros2_ws/jazzy_ws/install/grr_description/lib/python3.12/site-packages'
[35.650s] Level 1:colcon.colcon_core.environment:checking '/ros2_ws/jazzy_ws/install/grr_description/bin'
[35.650s] INFO:colcon.colcon_core.shell:Creating package script '/ros2_ws/jazzy_ws/install/grr_description/share/grr_description/package.ps1'
[35.651s] INFO:colcon.colcon_core.shell:Creating package descriptor '/ros2_ws/jazzy_ws/install/grr_description/share/grr_description/package.dsv'
[35.653s] INFO:colcon.colcon_core.shell:Creating package script '/ros2_ws/jazzy_ws/install/grr_description/share/grr_description/package.sh'
[35.654s] INFO:colcon.colcon_core.shell:Creating package script '/ros2_ws/jazzy_ws/install/grr_description/share/grr_description/package.bash'
[35.655s] INFO:colcon.colcon_core.shell:Creating package script '/ros2_ws/jazzy_ws/install/grr_description/share/grr_description/package.zsh'
[35.656s] Level 1:colcon.colcon_core.environment:create_file_with_runtime_dependencies(/ros2_ws/jazzy_ws/install/grr_description/share/colcon-core/packages/grr_description)
[44.872s] DEBUG:colcon.colcon_core.event_handler.log_command:Invoked command in '/ros2_ws/jazzy_ws/build/grr_cmake_controller' returned '0': CMAKE_PREFIX_PATH=/opt/ros/jazzy /usr/bin/cmake --build /ros2_ws/jazzy_ws/build/grr_cmake_controller -- -j4 -l4
[44.876s] DEBUG:colcon.colcon_core.event_handler.log_command:Invoking command in '/ros2_ws/jazzy_ws/build/grr_cmake_controller': CMAKE_PREFIX_PATH=/opt/ros/jazzy /usr/bin/cmake --install /ros2_ws/jazzy_ws/build/grr_cmake_controller
[45.359s] Level 1:colcon.colcon_core.environment:create_environment_scripts_only(grr_cmake_controller)
[45.359s] Level 1:colcon.colcon_core.environment:checking '/ros2_ws/jazzy_ws/install/grr_cmake_controller' for CMake module files
[45.361s] DEBUG:colcon.colcon_core.event_handler.log_command:Invoked command in '/ros2_ws/jazzy_ws/build/grr_cmake_controller' returned '0': CMAKE_PREFIX_PATH=/opt/ros/jazzy /usr/bin/cmake --install /ros2_ws/jazzy_ws/build/grr_cmake_controller
[45.363s] Level 1:colcon.colcon_core.environment:checking '/ros2_ws/jazzy_ws/install/grr_cmake_controller' for CMake config files
[45.364s] Level 1:colcon.colcon_core.shell:create_environment_hook('grr_cmake_controller', 'cmake_prefix_path')
[45.364s] INFO:colcon.colcon_core.shell:Creating environment hook '/ros2_ws/jazzy_ws/install/grr_cmake_controller/share/grr_cmake_controller/hook/cmake_prefix_path.ps1'
[45.366s] INFO:colcon.colcon_core.shell:Creating environment descriptor '/ros2_ws/jazzy_ws/install/grr_cmake_controller/share/grr_cmake_controller/hook/cmake_prefix_path.dsv'
[45.367s] INFO:colcon.colcon_core.shell:Creating environment hook '/ros2_ws/jazzy_ws/install/grr_cmake_controller/share/grr_cmake_controller/hook/cmake_prefix_path.sh'
[45.369s] Level 1:colcon.colcon_core.environment:checking '/ros2_ws/jazzy_ws/install/grr_cmake_controller/lib'
[45.370s] Level 1:colcon.colcon_core.shell:create_environment_hook('grr_cmake_controller', 'ld_library_path_lib')
[45.370s] INFO:colcon.colcon_core.shell:Creating environment hook '/ros2_ws/jazzy_ws/install/grr_cmake_controller/share/grr_cmake_controller/hook/ld_library_path_lib.ps1'
[45.371s] INFO:colcon.colcon_core.shell:Creating environment descriptor '/ros2_ws/jazzy_ws/install/grr_cmake_controller/share/grr_cmake_controller/hook/ld_library_path_lib.dsv'
[45.373s] INFO:colcon.colcon_core.shell:Creating environment hook '/ros2_ws/jazzy_ws/install/grr_cmake_controller/share/grr_cmake_controller/hook/ld_library_path_lib.sh'
[45.374s] Level 1:colcon.colcon_core.environment:checking '/ros2_ws/jazzy_ws/install/grr_cmake_controller/bin'
[45.374s] Level 1:colcon.colcon_core.environment:checking '/ros2_ws/jazzy_ws/install/grr_cmake_controller/lib/pkgconfig/grr_cmake_controller.pc'
[45.375s] Level 1:colcon.colcon_core.environment:checking '/ros2_ws/jazzy_ws/install/grr_cmake_controller/lib/python3.12/site-packages'
[45.376s] Level 1:colcon.colcon_core.environment:checking '/ros2_ws/jazzy_ws/install/grr_cmake_controller/bin'
[45.377s] INFO:colcon.colcon_core.shell:Creating package script '/ros2_ws/jazzy_ws/install/grr_cmake_controller/share/grr_cmake_controller/package.ps1'
[45.379s] INFO:colcon.colcon_core.shell:Creating package descriptor '/ros2_ws/jazzy_ws/install/grr_cmake_controller/share/grr_cmake_controller/package.dsv'
[45.381s] INFO:colcon.colcon_core.shell:Creating package script '/ros2_ws/jazzy_ws/install/grr_cmake_controller/share/grr_cmake_controller/package.sh'
[45.382s] INFO:colcon.colcon_core.shell:Creating package script '/ros2_ws/jazzy_ws/install/grr_cmake_controller/share/grr_cmake_controller/package.bash'
[45.384s] INFO:colcon.colcon_core.shell:Creating package script '/ros2_ws/jazzy_ws/install/grr_cmake_controller/share/grr_cmake_controller/package.zsh'
[45.385s] Level 1:colcon.colcon_core.environment:create_file_with_runtime_dependencies(/ros2_ws/jazzy_ws/install/grr_cmake_controller/share/colcon-core/packages/grr_cmake_controller)
[45.387s] Level 1:colcon.colcon_core.environment:create_environment_scripts_only(grr_cmake_controller)
[45.388s] Level 1:colcon.colcon_core.environment:checking '/ros2_ws/jazzy_ws/install/grr_cmake_controller' for CMake module files
[45.390s] Level 1:colcon.colcon_core.environment:checking '/ros2_ws/jazzy_ws/install/grr_cmake_controller' for CMake config files
[45.391s] Level 1:colcon.colcon_core.shell:create_environment_hook('grr_cmake_controller', 'cmake_prefix_path')
[45.391s] INFO:colcon.colcon_core.shell:Creating environment hook '/ros2_ws/jazzy_ws/install/grr_cmake_controller/share/grr_cmake_controller/hook/cmake_prefix_path.ps1'
[45.393s] INFO:colcon.colcon_core.shell:Creating environment descriptor '/ros2_ws/jazzy_ws/install/grr_cmake_controller/share/grr_cmake_controller/hook/cmake_prefix_path.dsv'
[45.394s] INFO:colcon.colcon_core.shell:Creating environment hook '/ros2_ws/jazzy_ws/install/grr_cmake_controller/share/grr_cmake_controller/hook/cmake_prefix_path.sh'
[45.396s] Level 1:colcon.colcon_core.environment:checking '/ros2_ws/jazzy_ws/install/grr_cmake_controller/lib'
[45.396s] Level 1:colcon.colcon_core.shell:create_environment_hook('grr_cmake_controller', 'ld_library_path_lib')
[45.397s] INFO:colcon.colcon_core.shell:Creating environment hook '/ros2_ws/jazzy_ws/install/grr_cmake_controller/share/grr_cmake_controller/hook/ld_library_path_lib.ps1'
[45.397s] INFO:colcon.colcon_core.shell:Creating environment descriptor '/ros2_ws/jazzy_ws/install/grr_cmake_controller/share/grr_cmake_controller/hook/ld_library_path_lib.dsv'
[45.398s] INFO:colcon.colcon_core.shell:Creating environment hook '/ros2_ws/jazzy_ws/install/grr_cmake_controller/share/grr_cmake_controller/hook/ld_library_path_lib.sh'
[45.400s] Level 1:colcon.colcon_core.environment:checking '/ros2_ws/jazzy_ws/install/grr_cmake_controller/bin'
[45.400s] Level 1:colcon.colcon_core.environment:checking '/ros2_ws/jazzy_ws/install/grr_cmake_controller/lib/pkgconfig/grr_cmake_controller.pc'
[45.401s] Level 1:colcon.colcon_core.environment:checking '/ros2_ws/jazzy_ws/install/grr_cmake_controller/lib/python3.12/site-packages'
[45.402s] Level 1:colcon.colcon_core.environment:checking '/ros2_ws/jazzy_ws/install/grr_cmake_controller/bin'
[45.403s] INFO:colcon.colcon_core.shell:Creating package script '/ros2_ws/jazzy_ws/install/grr_cmake_controller/share/grr_cmake_controller/package.ps1'
[45.405s] INFO:colcon.colcon_core.shell:Creating package descriptor '/ros2_ws/jazzy_ws/install/grr_cmake_controller/share/grr_cmake_controller/package.dsv'
[45.406s] INFO:colcon.colcon_core.shell:Creating package script '/ros2_ws/jazzy_ws/install/grr_cmake_controller/share/grr_cmake_controller/package.sh'
[45.407s] INFO:colcon.colcon_core.shell:Creating package script '/ros2_ws/jazzy_ws/install/grr_cmake_controller/share/grr_cmake_controller/package.bash'
[45.409s] INFO:colcon.colcon_core.shell:Creating package script '/ros2_ws/jazzy_ws/install/grr_cmake_controller/share/grr_cmake_controller/package.zsh'
[45.410s] Level 1:colcon.colcon_core.environment:create_file_with_runtime_dependencies(/ros2_ws/jazzy_ws/install/grr_cmake_controller/share/colcon-core/packages/grr_cmake_controller)
[45.411s] DEBUG:colcon.colcon_parallel_executor.executor.parallel:closing loop
[45.412s] DEBUG:colcon.colcon_parallel_executor.executor.parallel:loop closed
[45.412s] DEBUG:colcon.colcon_parallel_executor.executor.parallel:run_until_complete finished with '0'
[45.412s] DEBUG:colcon.colcon_core.event_reactor:joining thread
[45.434s] INFO:colcon.colcon_core.plugin_system:Skipping extension 'colcon_notification.desktop_notification.notify_send': Could not find 'notify-send'
[45.434s] INFO:colcon.colcon_core.plugin_system:Skipping extension 'colcon_notification.desktop_notification.terminal_notifier': Not used on non-Darwin systems
[45.434s] INFO:colcon.colcon_core.plugin_system:Skipping extension 'colcon_notification.desktop_notification.win32': Not used on non-Windows systems
[45.434s] INFO:colcon.colcon_notification.desktop_notification:Sending desktop notification using 'notify2'
[45.434s] DEBUG:colcon.colcon_notification.desktop_notification.notify2:Failed to initialize notify2: org.freedesktop.DBus.Error.NotSupported: Unable to autolaunch a dbus-daemon without a $DISPLAY for X11
[45.435s] DEBUG:colcon.colcon_core.event_reactor:joined thread
[45.435s] INFO:colcon.colcon_core.shell:Creating prefix script '/ros2_ws/jazzy_ws/install/local_setup.ps1'
[45.437s] INFO:colcon.colcon_core.shell:Creating prefix util module '/ros2_ws/jazzy_ws/install/_local_setup_util_ps1.py'
[45.441s] INFO:colcon.colcon_core.shell:Creating prefix chain script '/ros2_ws/jazzy_ws/install/setup.ps1'
[45.444s] INFO:colcon.colcon_core.shell:Creating prefix script '/ros2_ws/jazzy_ws/install/local_setup.sh'
[45.445s] INFO:colcon.colcon_core.shell:Creating prefix util module '/ros2_ws/jazzy_ws/install/_local_setup_util_sh.py'
[45.447s] INFO:colcon.colcon_core.shell:Creating prefix chain script '/ros2_ws/jazzy_ws/install/setup.sh'
[45.449s] INFO:colcon.colcon_core.shell:Creating prefix script '/ros2_ws/jazzy_ws/install/local_setup.bash'
[45.450s] INFO:colcon.colcon_core.shell:Creating prefix chain script '/ros2_ws/jazzy_ws/install/setup.bash'
[45.452s] INFO:colcon.colcon_core.shell:Creating prefix script '/ros2_ws/jazzy_ws/install/local_setup.zsh'
[45.453s] INFO:colcon.colcon_core.shell:Creating prefix chain script '/ros2_ws/jazzy_ws/install/setup.zsh'
