-- The C compiler identification is GNU 13.3.0
-- The CXX compiler identification is GNU 13.3.0
-- Detecting C compiler ABI info
-- Detecting C compiler ABI info - done
-- Check for working C compiler: /usr/bin/cc - skipped
-- Detecting C compile features
-- Detecting C compile features - done
-- Detecting CXX compiler ABI info
-- Detecting CXX compiler ABI info - done
-- Check for working CXX compiler: /usr/bin/c++ - skipped
-- Detecting CXX compile features
-- Detecting CXX compile features - done
-- Found ament_cmake: 2.5.5 (/opt/ros/jazzy/share/ament_cmake/cmake)
-- Found Python3: /usr/bin/python3 (found version "3.12.3") found components: Interpreter 
-- Override CMake install command with custom implementation using symlinks instead of copying resources
-- Found ament_lint_auto: 0.17.4 (/opt/ros/jazzy/share/ament_lint_auto/cmake)
-- Added test 'copyright' to check source files copyright and LICENSE
-- Added test 'lint_cmake' to check CMake code style
-- Added test 'xmllint' to check XML markup files
-- Configuring done (1.5s)
-- Generating done (0.0s)
-- Build files have been written to: /ros2_ws/jazzy_ws/build/grr_description
-- Install configuration: ""
-- Execute custom install script
-- Symlinking: /ros2_ws/jazzy_ws/install/grr_description/share/grr_description/meshes/bingrableft_bottom.stl
-- Symlinking: /ros2_ws/jazzy_ws/install/grr_description/share/grr_description/meshes/bingrableft_middle.stl
-- Symlinking: /ros2_ws/jazzy_ws/install/grr_description/share/grr_description/meshes/bingrableft_top.stl
-- Symlinking: /ros2_ws/jazzy_ws/install/grr_description/share/grr_description/meshes/bingrabright_bottom.stl
-- Symlinking: /ros2_ws/jazzy_ws/install/grr_description/share/grr_description/meshes/bingrabright_middle.stl
-- Symlinking: /ros2_ws/jazzy_ws/install/grr_description/share/grr_description/meshes/bingrabright_top.stl
-- Symlinking: /ros2_ws/jazzy_ws/install/grr_description/share/grr_description/meshes/camera.stl
-- Symlinking: /ros2_ws/jazzy_ws/install/grr_description/share/grr_description/meshes/color_sensor.stl
-- Symlinking: /ros2_ws/jazzy_ws/install/grr_description/share/grr_description/meshes/drivebase.stl
-- Symlinking: /ros2_ws/jazzy_ws/install/grr_description/share/grr_description/meshes/intake.stl
-- Symlinking: /ros2_ws/jazzy_ws/install/grr_description/share/grr_description/meshes/intake_roller.stl
-- Symlinking: /ros2_ws/jazzy_ws/install/grr_description/share/grr_description/meshes/measurements.txt
-- Symlinking: /ros2_ws/jazzy_ws/install/grr_description/share/grr_description/meshes/mecanum_roller.stl
-- Symlinking: /ros2_ws/jazzy_ws/install/grr_description/share/grr_description/meshes/mecanum_wheel_1.stl
-- Symlinking: /ros2_ws/jazzy_ws/install/grr_description/share/grr_description/meshes/mecanum_wheel_2.stl
-- Symlinking: /ros2_ws/jazzy_ws/install/grr_description/share/grr_description/meshes/sorter.stl
-- Symlinking: /ros2_ws/jazzy_ws/install/grr_description/share/grr_description/meshes/sorter_enclosure.stl
-- Symlinking: /ros2_ws/jazzy_ws/install/grr_description/share/grr_description/meshes/sorter_stand.stl
-- Symlinking: /ros2_ws/jazzy_ws/install/grr_description/share/grr_description/meshes/zed2i.stl
-- Symlinking: /ros2_ws/jazzy_ws/install/grr_description/share/grr_description/urdf/control/drive.xacro
-- Symlinking: /ros2_ws/jazzy_ws/install/grr_description/share/grr_description/urdf/parts/becan.xacro
-- Symlinking: /ros2_ws/jazzy_ws/install/grr_description/share/grr_description/urdf/parts/bin_grabber.xacro
-- Symlinking: /ros2_ws/jazzy_ws/install/grr_description/share/grr_description/urdf/parts/chassis.xacro
-- Symlinking: /ros2_ws/jazzy_ws/install/grr_description/share/grr_description/urdf/parts/intake.xacro
-- Symlinking: /ros2_ws/jazzy_ws/install/grr_description/share/grr_description/urdf/parts/mecanum_roller.xacro
-- Symlinking: /ros2_ws/jazzy_ws/install/grr_description/share/grr_description/urdf/parts/mecanum_wheel.xacro
-- Symlinking: /ros2_ws/jazzy_ws/install/grr_description/share/grr_description/urdf/parts/sorter.xacro
-- Symlinking: /ros2_ws/jazzy_ws/install/grr_description/share/grr_description/urdf/parts/usb_camera.xacro
-- Symlinking: /ros2_ws/jazzy_ws/install/grr_description/share/grr_description/urdf/parts/zed_cam.xacro
-- Symlinking: /ros2_ws/jazzy_ws/install/grr_description/share/grr_description/urdf/parts/zed_macro.xacro
-- Symlinking: /ros2_ws/jazzy_ws/install/grr_description/share/grr_description/urdf/robots/test_robot_2026.urdf.xacro
-- Symlinking: /ros2_ws/jazzy_ws/install/grr_description/share/grr_description/urdf/util/macros.xacro
-- Symlinking: /ros2_ws/jazzy_ws/install/grr_description/share/grr_description/urdf/util/materials.xacro
-- Symlinking: /ros2_ws/jazzy_ws/install/grr_description/share/grr_description/grreg.urdf
-- Symlinking: /ros2_ws/jazzy_ws/install/grr_description/share/ament_index/resource_index/package_run_dependencies/grr_description
-- Symlinking: /ros2_ws/jazzy_ws/install/grr_description/share/ament_index/resource_index/parent_prefix_path/grr_description
-- Symlinking: /ros2_ws/jazzy_ws/install/grr_description/share/grr_description/environment/ament_prefix_path.sh
-- Symlinking: /ros2_ws/jazzy_ws/install/grr_description/share/grr_description/environment/ament_prefix_path.dsv
-- Symlinking: /ros2_ws/jazzy_ws/install/grr_description/share/grr_description/environment/path.sh
-- Symlinking: /ros2_ws/jazzy_ws/install/grr_description/share/grr_description/environment/path.dsv
-- Symlinking: /ros2_ws/jazzy_ws/install/grr_description/share/grr_description/local_setup.bash
-- Symlinking: /ros2_ws/jazzy_ws/install/grr_description/share/grr_description/local_setup.sh
-- Symlinking: /ros2_ws/jazzy_ws/install/grr_description/share/grr_description/local_setup.zsh
-- Symlinking: /ros2_ws/jazzy_ws/install/grr_description/share/grr_description/local_setup.dsv
-- Symlinking: /ros2_ws/jazzy_ws/install/grr_description/share/grr_description/package.dsv
-- Symlinking: /ros2_ws/jazzy_ws/install/grr_description/share/ament_index/resource_index/packages/grr_description
-- Symlinking: /ros2_ws/jazzy_ws/install/grr_description/share/grr_description/cmake/grr_descriptionConfig.cmake
-- Symlinking: /ros2_ws/jazzy_ws/install/grr_description/share/grr_description/cmake/grr_descriptionConfig-version.cmake
-- Symlinking: /ros2_ws/jazzy_ws/install/grr_description/share/grr_description/package.xml
