-- The C compiler identification is GNU 13.3.0
-- The CXX compiler identification is GNU 13.3.0
-- Detecting C compiler ABI info
-- Detecting C compiler ABI info - done
-- Check for working C compiler: /usr/bin/cc - skipped
-- Detecting C compile features
-- Detecting C compile features - done
-- Detecting CXX compiler ABI info
-- Detecting CXX compiler ABI info - done
-- Check for working CXX compiler: /usr/bin/c++ - skipped
-- Detecting CXX compile features
-- Detecting CXX compile features - done
-- Found ament_cmake: 2.5.5 (/opt/ros/jazzy/share/ament_cmake/cmake)
-- Found Python3: /usr/bin/python3 (found version "3.12.3") found components: Interpreter 
-- Override CMake install command with custom implementation using symlinks instead of copying resources
-- Found ament_lint_auto: 0.17.4 (/opt/ros/jazzy/share/ament_lint_auto/cmake)
-- Added test 'flake8' to check Python code syntax and style conventions
-- Configured 'flake8' exclude dirs and/or files: 
-- Added test 'lint_cmake' to check CMake code style
-- Added test 'pep257' to check Python code against some of the docstring style conventions in PEP 257
-- Added test 'xmllint' to check XML markup files
-- Configuring done (1.8s)
-- Generating done (0.0s)
-- Build files have been written to: /ros2_ws/jazzy_ws/build/grr_bringup
-- Install configuration: ""
-- Execute custom install script
-- Symlinking: /ros2_ws/jazzy_ws/install/grr_bringup/share/grr_bringup/launch/motor_controllers.launch.py
-- Symlinking: /ros2_ws/jazzy_ws/install/grr_bringup/share/grr_bringup/launch/rviz.launch.py
-- Symlinking: /ros2_ws/jazzy_ws/install/grr_bringup/share/grr_bringup/config/controllers.yaml
-- Symlinking: /ros2_ws/jazzy_ws/install/grr_bringup/share/grr_bringup/config/isaac.rviz
-- Symlinking: /ros2_ws/jazzy_ws/install/grr_bringup/share/grr_bringup/config/rviz.rviz
-- Symlinking: /ros2_ws/jazzy_ws/install/grr_bringup/share/grr_bringup/config/servo_params.yaml
-- Symlinking: /ros2_ws/jazzy_ws/install/grr_bringup/share/grr_bringup/config/view.rviz
-- Symlinking: /ros2_ws/jazzy_ws/install/grr_bringup/share/grr_bringup/config/xbox-holonomic.config.yaml
-- Symlinking: /ros2_ws/jazzy_ws/install/grr_bringup/share/ament_index/resource_index/package_run_dependencies/grr_bringup
-- Symlinking: /ros2_ws/jazzy_ws/install/grr_bringup/share/ament_index/resource_index/parent_prefix_path/grr_bringup
-- Symlinking: /ros2_ws/jazzy_ws/install/grr_bringup/share/grr_bringup/environment/ament_prefix_path.sh
-- Symlinking: /ros2_ws/jazzy_ws/install/grr_bringup/share/grr_bringup/environment/ament_prefix_path.dsv
-- Symlinking: /ros2_ws/jazzy_ws/install/grr_bringup/share/grr_bringup/environment/path.sh
-- Symlinking: /ros2_ws/jazzy_ws/install/grr_bringup/share/grr_bringup/environment/path.dsv
-- Symlinking: /ros2_ws/jazzy_ws/install/grr_bringup/share/grr_bringup/local_setup.bash
-- Symlinking: /ros2_ws/jazzy_ws/install/grr_bringup/share/grr_bringup/local_setup.sh
-- Symlinking: /ros2_ws/jazzy_ws/install/grr_bringup/share/grr_bringup/local_setup.zsh
-- Symlinking: /ros2_ws/jazzy_ws/install/grr_bringup/share/grr_bringup/local_setup.dsv
-- Symlinking: /ros2_ws/jazzy_ws/install/grr_bringup/share/grr_bringup/package.dsv
-- Symlinking: /ros2_ws/jazzy_ws/install/grr_bringup/share/ament_index/resource_index/packages/grr_bringup
-- Symlinking: /ros2_ws/jazzy_ws/install/grr_bringup/share/grr_bringup/cmake/grr_bringupConfig.cmake
-- Symlinking: /ros2_ws/jazzy_ws/install/grr_bringup/share/grr_bringup/cmake/grr_bringupConfig-version.cmake
-- Symlinking: /ros2_ws/jazzy_ws/install/grr_bringup/share/grr_bringup/package.xml
