[0.035s] Invoking command in '/ros2_ws/jazzy_ws/build/grr_bringup': CMAKE_PREFIX_PATH=/opt/ros/jazzy /usr/bin/cmake /ros2_ws/jazzy_ws/src/grr_bringup -DAMENT_CMAKE_SYMLINK_INSTALL=1 -DCMAKE_INSTALL_PREFIX=/ros2_ws/jazzy_ws/install/grr_bringup
[0.244s] -- The C compiler identification is GNU 13.3.0
[0.417s] -- The CXX compiler identification is GNU 13.3.0
[0.454s] -- Detecting C compiler ABI info
[0.654s] -- Detecting C compiler ABI info - done
[0.680s] -- Check for working C compiler: /usr/bin/cc - skipped
[0.681s] -- Detecting C compile features
[0.682s] -- Detecting C compile features - done
[0.714s] -- Detecting CXX compiler ABI info
[0.920s] -- Detecting CXX compiler ABI info - done
[0.943s] -- Check for working CXX compiler: /usr/bin/c++ - skipped
[0.945s] -- Detecting CXX compile features
[0.947s] -- Detecting CXX compile features - done
[0.954s] -- Found ament_cmake: 2.5.5 (/opt/ros/jazzy/share/ament_cmake/cmake)
[1.233s] -- Found Python3: /usr/bin/python3 (found version "3.12.3") found components: Interpreter 
[1.454s] -- Override CMake install command with custom implementation using symlinks instead of copying resources
[1.539s] -- Found ament_lint_auto: 0.17.4 (/opt/ros/jazzy/share/ament_lint_auto/cmake)
[1.829s] -- Added test 'flake8' to check Python code syntax and style conventions
[1.830s] -- Configured 'flake8' exclude dirs and/or files: 
[1.831s] -- Added test 'lint_cmake' to check CMake code style
[1.832s] -- Added test 'pep257' to check Python code against some of the docstring style conventions in PEP 257
[1.835s] -- Added test 'xmllint' to check XML markup files
[1.839s] -- Configuring done (1.8s)
[1.848s] -- Generating done (0.0s)
[1.852s] -- Build files have been written to: /ros2_ws/jazzy_ws/build/grr_bringup
[1.867s] Invoked command in '/ros2_ws/jazzy_ws/build/grr_bringup' returned '0': CMAKE_PREFIX_PATH=/opt/ros/jazzy /usr/bin/cmake /ros2_ws/jazzy_ws/src/grr_bringup -DAMENT_CMAKE_SYMLINK_INSTALL=1 -DCMAKE_INSTALL_PREFIX=/ros2_ws/jazzy_ws/install/grr_bringup
[1.870s] Invoking command in '/ros2_ws/jazzy_ws/build/grr_bringup': CMAKE_PREFIX_PATH=/opt/ros/jazzy /usr/bin/cmake --build /ros2_ws/jazzy_ws/build/grr_bringup -- -j4 -l4
[1.955s] Invoked command in '/ros2_ws/jazzy_ws/build/grr_bringup' returned '0': CMAKE_PREFIX_PATH=/opt/ros/jazzy /usr/bin/cmake --build /ros2_ws/jazzy_ws/build/grr_bringup -- -j4 -l4
[1.976s] Invoking command in '/ros2_ws/jazzy_ws/build/grr_bringup': CMAKE_PREFIX_PATH=/opt/ros/jazzy /usr/bin/cmake --install /ros2_ws/jazzy_ws/build/grr_bringup
[2.001s] -- Install configuration: ""
[2.003s] -- Execute custom install script
[2.004s] -- Symlinking: /ros2_ws/jazzy_ws/install/grr_bringup/share/grr_bringup/launch/motor_controllers.launch.py
[2.025s] -- Symlinking: /ros2_ws/jazzy_ws/install/grr_bringup/share/grr_bringup/launch/rviz.launch.py
[2.056s] -- Symlinking: /ros2_ws/jazzy_ws/install/grr_bringup/share/grr_bringup/config/controllers.yaml
[2.076s] -- Symlinking: /ros2_ws/jazzy_ws/install/grr_bringup/share/grr_bringup/config/isaac.rviz
[2.095s] -- Symlinking: /ros2_ws/jazzy_ws/install/grr_bringup/share/grr_bringup/config/rviz.rviz
[2.115s] -- Symlinking: /ros2_ws/jazzy_ws/install/grr_bringup/share/grr_bringup/config/servo_params.yaml
[2.134s] -- Symlinking: /ros2_ws/jazzy_ws/install/grr_bringup/share/grr_bringup/config/view.rviz
[2.152s] -- Symlinking: /ros2_ws/jazzy_ws/install/grr_bringup/share/grr_bringup/config/xbox-holonomic.config.yaml
[2.173s] -- Symlinking: /ros2_ws/jazzy_ws/install/grr_bringup/share/ament_index/resource_index/package_run_dependencies/grr_bringup
[2.193s] -- Symlinking: /ros2_ws/jazzy_ws/install/grr_bringup/share/ament_index/resource_index/parent_prefix_path/grr_bringup
[2.212s] -- Symlinking: /ros2_ws/jazzy_ws/install/grr_bringup/share/grr_bringup/environment/ament_prefix_path.sh
[2.232s] -- Symlinking: /ros2_ws/jazzy_ws/install/grr_bringup/share/grr_bringup/environment/ament_prefix_path.dsv
[2.252s] -- Symlinking: /ros2_ws/jazzy_ws/install/grr_bringup/share/grr_bringup/environment/path.sh
[2.272s] -- Symlinking: /ros2_ws/jazzy_ws/install/grr_bringup/share/grr_bringup/environment/path.dsv
[2.293s] -- Symlinking: /ros2_ws/jazzy_ws/install/grr_bringup/share/grr_bringup/local_setup.bash
[2.313s] -- Symlinking: /ros2_ws/jazzy_ws/install/grr_bringup/share/grr_bringup/local_setup.sh
[2.331s] -- Symlinking: /ros2_ws/jazzy_ws/install/grr_bringup/share/grr_bringup/local_setup.zsh
[2.349s] -- Symlinking: /ros2_ws/jazzy_ws/install/grr_bringup/share/grr_bringup/local_setup.dsv
[2.367s] -- Symlinking: /ros2_ws/jazzy_ws/install/grr_bringup/share/grr_bringup/package.dsv
[2.386s] -- Symlinking: /ros2_ws/jazzy_ws/install/grr_bringup/share/ament_index/resource_index/packages/grr_bringup
[2.406s] -- Symlinking: /ros2_ws/jazzy_ws/install/grr_bringup/share/grr_bringup/cmake/grr_bringupConfig.cmake
[2.425s] -- Symlinking: /ros2_ws/jazzy_ws/install/grr_bringup/share/grr_bringup/cmake/grr_bringupConfig-version.cmake
[2.443s] -- Symlinking: /ros2_ws/jazzy_ws/install/grr_bringup/share/grr_bringup/package.xml
[2.467s] Invoked command in '/ros2_ws/jazzy_ws/build/grr_bringup' returned '0': CMAKE_PREFIX_PATH=/opt/ros/jazzy /usr/bin/cmake --install /ros2_ws/jazzy_ws/build/grr_bringup
